cd instrumentation ;\
sbt -ivy /home/hut1si/gits/rfuzz2ndtry/.ivy2 "runMain hardwareafl.firrtltransforms.CustomTop -i /home/hut1si/gits/rfuzz2ndtry/benchmarks/Sodor3Stage.fir -o /home/hut1si/gits/rfuzz2ndtry/build/Sodor3Stage.v -X verilog -ll info -fct hardwareafl.firrtltransforms.NoDedupTransform,hardwareafl.firrtltransforms.ReplaceMemsTransform,hardwareafl.firrtltransforms.SplitMuxConditions,hardwareafl.firrtltransforms.ProfilingTransform,firrtl.passes.wiring.WiringTransform,hardwareafl.firrtltransforms.AddMetaResetTransform "
[0m[[0m[0minfo[0m] [0m[0mLoading settings from plugins.sbt ...[0m
[0m[[0m[0minfo[0m] [0m[0mLoading project definition from /home/hut1si/gits/rfuzz2ndtry/instrumentation/project[0m
[0m[[0m[0minfo[0m] [0m[0mLoading settings from build.sbt ...[0m
[0m[[0m[0minfo[0m] [0m[0mSet current project to instrumentation (in build file:/home/hut1si/gits/rfuzz2ndtry/instrumentation/)[0m
[0m[[0m[0minfo[0m] [0m[0mPackaging /home/hut1si/gits/rfuzz2ndtry/instrumentation/target/scala-2.11/instrumentation_2.11-0.1.0-SNAPSHOT.jar ...[0m
[0m[[0m[0minfo[0m] [0m[0mDone packaging.[0m
[0m[[0m[0minfo[0m] [0m[0mRunning hardwareafl.firrtltransforms.CustomTop -i /home/hut1si/gits/rfuzz2ndtry/benchmarks/Sodor3Stage.fir -o /home/hut1si/gits/rfuzz2ndtry/build/Sodor3Stage.v -X verilog -ll info -fct hardwareafl.firrtltransforms.NoDedupTransform,hardwareafl.firrtltransforms.ReplaceMemsTransform,hardwareafl.firrtltransforms.SplitMuxConditions,hardwareafl.firrtltransforms.ProfilingTransform,firrtl.passes.wiring.WiringTransform,hardwareafl.firrtltransforms.AddMetaResetTransform[0m
Running transforms:
  NoDedupTransform
  ChirrtlToHighFirrtl
  IRToWorkingIR
  ResolveAndCheck
  DedupModules
  HighFirrtlToMiddleFirrtl
  MiddleFirrtlToLowFirrtl
  CustomLowFirrtlOpt
  BlackBoxSourceHelper
  ReplaceMemsTransform
  IRToWorkingIR
  ResolveAndCheck
  DedupModules
  HighFirrtlToMiddleFirrtl
  SplitMuxConditions
  MiddleFirrtlToLowFirrtl
  ProfilingTransform
  WiringTransform
  IRToWorkingIR
  ResolveAndCheck
  DedupModules
  HighFirrtlToMiddleFirrtl
  MiddleFirrtlToLowFirrtl
  AddMetaResetTransform
======== Starting Transform NoDedupTransform ========
-----------------------------------------------------

Time: 74.7 ms
Form: ChirrtlForm
======== Finished Transform NoDedupTransform ========

======== Starting Transform ChirrtlToHighFirrtl ========
======== Starting Transform CheckChirrtl$ ========
--------------------------------------------------

Time: 174.1 ms
Form: UnknownForm
======== Finished Transform CheckChirrtl$ ========

======== Starting Transform CInferTypes$ ========
-------------------------------------------------

Time: 182.4 ms
Form: UnknownForm
======== Finished Transform CInferTypes$ ========

======== Starting Transform CInferMDir$ ========
------------------------------------------------

Time: 101.2 ms
Form: UnknownForm
======== Finished Transform CInferMDir$ ========

======== Starting Transform RemoveCHIRRTL$ ========
---------------------------------------------------

Time: 181.8 ms
Form: UnknownForm
======== Finished Transform RemoveCHIRRTL$ ========

--------------------------------------------------------

Time: 672.6 ms
Form: HighForm
======== Finished Transform ChirrtlToHighFirrtl ========

======== Starting Transform IRToWorkingIR ========
======== Starting Transform ToWorkingIR$ ========
-------------------------------------------------

Time: 28.0 ms
Form: UnknownForm
======== Finished Transform ToWorkingIR$ ========

--------------------------------------------------

Time: 43.4 ms
Form: HighForm
======== Finished Transform IRToWorkingIR ========

======== Starting Transform ResolveAndCheck ========
======== Starting Transform CheckHighForm$ ========
---------------------------------------------------

Time: 196.3 ms
Form: UnknownForm
======== Finished Transform CheckHighForm$ ========

======== Starting Transform ResolveKinds$ ========
--------------------------------------------------

Time: 58.4 ms
Form: UnknownForm
======== Finished Transform ResolveKinds$ ========

======== Starting Transform InferTypes$ ========
------------------------------------------------

Time: 162.3 ms
Form: UnknownForm
======== Finished Transform InferTypes$ ========

======== Starting Transform CheckTypes$ ========
------------------------------------------------

Time: 96.1 ms
Form: UnknownForm
======== Finished Transform CheckTypes$ ========

======== Starting Transform Uniquify$ ========
----------------------------------------------

Time: 332.2 ms
Form: UnknownForm
======== Finished Transform Uniquify$ ========

======== Starting Transform ResolveKinds$ ========
--------------------------------------------------

Time: 16.8 ms
Form: UnknownForm
======== Finished Transform ResolveKinds$ ========

======== Starting Transform InferTypes$ ========
------------------------------------------------

Time: 36.6 ms
Form: UnknownForm
======== Finished Transform InferTypes$ ========

======== Starting Transform ResolveGenders$ ========
----------------------------------------------------

Time: 37.2 ms
Form: UnknownForm
======== Finished Transform ResolveGenders$ ========

======== Starting Transform CheckGenders$ ========
--------------------------------------------------

Time: 117.3 ms
Form: UnknownForm
======== Finished Transform CheckGenders$ ========

======== Starting Transform InferWidths$ ========
-------------------------------------------------

Time: 214.1 ms
Form: UnknownForm
======== Finished Transform InferWidths$ ========

======== Starting Transform CheckWidths$ ========
-------------------------------------------------

Time: 49.3 ms
Form: UnknownForm
======== Finished Transform CheckWidths$ ========

----------------------------------------------------

Time: 1443.7 ms
Form: HighForm
======== Finished Transform ResolveAndCheck ========

======== Starting Transform DedupModules ========
-------------------------------------------------

Time: 352.1 ms
Form: HighForm
======== Finished Transform DedupModules ========

======== Starting Transform HighFirrtlToMiddleFirrtl ========
======== Starting Transform PullMuxes$ ========
-----------------------------------------------

Time: 21.3 ms
Form: UnknownForm
======== Finished Transform PullMuxes$ ========

======== Starting Transform ReplaceAccesses$ ========
-----------------------------------------------------

Time: 17.2 ms
Form: UnknownForm
======== Finished Transform ReplaceAccesses$ ========

======== Starting Transform ExpandConnects$ ========
----------------------------------------------------

Time: 47.6 ms
Form: UnknownForm
======== Finished Transform ExpandConnects$ ========

======== Starting Transform RemoveAccesses$ ========
----------------------------------------------------

Time: 48.9 ms
Form: UnknownForm
======== Finished Transform RemoveAccesses$ ========

======== Starting Transform Uniquify$ ========
----------------------------------------------

Time: 104.6 ms
Form: UnknownForm
======== Finished Transform Uniquify$ ========

======== Starting Transform ExpandWhens$ ========
-------------------------------------------------

Time: 196.9 ms
Form: UnknownForm
======== Finished Transform ExpandWhens$ ========

======== Starting Transform CheckInitialization$ ========
---------------------------------------------------------

Time: 20.9 ms
Form: UnknownForm
======== Finished Transform CheckInitialization$ ========

======== Starting Transform ResolveKinds$ ========
--------------------------------------------------

Time: 17.1 ms
Form: UnknownForm
======== Finished Transform ResolveKinds$ ========

======== Starting Transform InferTypes$ ========
------------------------------------------------

Time: 25.8 ms
Form: UnknownForm
======== Finished Transform InferTypes$ ========

======== Starting Transform CheckTypes$ ========
------------------------------------------------

Time: 20.0 ms
Form: UnknownForm
======== Finished Transform CheckTypes$ ========

======== Starting Transform ResolveGenders$ ========
----------------------------------------------------

Time: 3.7 ms
Form: UnknownForm
======== Finished Transform ResolveGenders$ ========

======== Starting Transform InferWidths$ ========
-------------------------------------------------

Time: 24.4 ms
Form: UnknownForm
======== Finished Transform InferWidths$ ========

======== Starting Transform CheckWidths$ ========
-------------------------------------------------

Time: 5.8 ms
Form: UnknownForm
======== Finished Transform CheckWidths$ ========

======== Starting Transform ConvertFixedToSInt$ ========
--------------------------------------------------------

Time: 95.3 ms
Form: UnknownForm
======== Finished Transform ConvertFixedToSInt$ ========

======== Starting Transform ZeroWidth$ ========
-----------------------------------------------

Time: 152.1 ms
Form: UnknownForm
======== Finished Transform ZeroWidth$ ========

-------------------------------------------------------------

Time: 868.8 ms
Form: MidForm
======== Finished Transform HighFirrtlToMiddleFirrtl ========

======== Starting Transform MiddleFirrtlToLowFirrtl ========
======== Starting Transform LowerTypes$ ========
------------------------------------------------

Time: 479.8 ms
Form: UnknownForm
======== Finished Transform LowerTypes$ ========

======== Starting Transform ResolveKinds$ ========
--------------------------------------------------

Time: 25.6 ms
Form: UnknownForm
======== Finished Transform ResolveKinds$ ========

======== Starting Transform InferTypes$ ========
------------------------------------------------

Time: 35.4 ms
Form: UnknownForm
======== Finished Transform InferTypes$ ========

======== Starting Transform ResolveGenders$ ========
----------------------------------------------------

Time: 4.6 ms
Form: UnknownForm
======== Finished Transform ResolveGenders$ ========

======== Starting Transform InferWidths$ ========
-------------------------------------------------

Time: 67.5 ms
Form: UnknownForm
======== Finished Transform InferWidths$ ========

======== Starting Transform Legalize$ ========
----------------------------------------------

Time: 24.0 ms
Form: UnknownForm
======== Finished Transform Legalize$ ========

======== Starting Transform RemoveReset ========
------------------------------------------------

Time: 25.0 ms
Form: UnknownForm
======== Finished Transform RemoveReset ========

======== Starting Transform CheckCombLoops ========
---------------------------------------------------

Time: 476.2 ms
Form: LowForm
======== Finished Transform CheckCombLoops ========

======== Starting Transform RemoveWires ========
------------------------------------------------

Time: 112.5 ms
Form: UnknownForm
======== Finished Transform RemoveWires ========

------------------------------------------------------------

Time: 1295.0 ms
Form: LowForm
======== Finished Transform MiddleFirrtlToLowFirrtl ========

======== Starting Transform CustomLowFirrtlOpt ========
======== Starting Transform RemoveValidIf$ ========
---------------------------------------------------

Time: 19.5 ms
Form: UnknownForm
======== Finished Transform RemoveValidIf$ ========

======== Starting Transform ConstantPropagation ========
--------------------------------------------------------

Time: 357.9 ms
Form: UnknownForm
======== Finished Transform ConstantPropagation ========

======== Starting Transform ConstantPropagation ========
--------------------------------------------------------

Time: 85.4 ms
Form: UnknownForm
======== Finished Transform ConstantPropagation ========

======== Starting Transform Legalize$ ========
----------------------------------------------

Time: 2.2 ms
Form: UnknownForm
======== Finished Transform Legalize$ ========

======== Starting Transform CustomVerilogMemDelays ========
-----------------------------------------------------------

Time: 51.3 ms
Form: UnknownForm
======== Finished Transform CustomVerilogMemDelays ========

======== Starting Transform ConstantPropagation ========
--------------------------------------------------------

Time: 81.9 ms
Form: UnknownForm
======== Finished Transform ConstantPropagation ========

======== Starting Transform SplitExpressions$ ========
------------------------------------------------------

Time: 20.0 ms
Form: UnknownForm
======== Finished Transform SplitExpressions$ ========

======== Starting Transform CommonSubexpressionElimination$ ========
--------------------------------------------------------------------

Time: 46.5 ms
Form: UnknownForm
======== Finished Transform CommonSubexpressionElimination$ ========

======== Starting Transform DeadCodeElimination ========
--------------------------------------------------------

Time: 262.1 ms
Form: UnknownForm
======== Finished Transform DeadCodeElimination ========

-------------------------------------------------------

Time: 956.5 ms
Form: LowForm
======== Finished Transform CustomLowFirrtlOpt ========

======== Starting Transform BlackBoxSourceHelper ========
---------------------------------------------------------

Time: 2.0 ms
Form: LowForm
======== Finished Transform BlackBoxSourceHelper ========

======== Starting Transform ReplaceMemsTransform ========
[[35minfo[0m] [0.003] Elaborating design...
[[35minfo[0m] [2.836] Done elaborating.
======== Starting Transform ChirrtlToHighFirrtl ========
======== Starting Transform CheckChirrtl$ ========
--------------------------------------------------

Time: 4.3 ms
Form: UnknownForm
======== Finished Transform CheckChirrtl$ ========

======== Starting Transform CInferTypes$ ========
-------------------------------------------------

Time: 3.1 ms
Form: UnknownForm
======== Finished Transform CInferTypes$ ========

======== Starting Transform CInferMDir$ ========
------------------------------------------------

Time: 1.2 ms
Form: UnknownForm
======== Finished Transform CInferMDir$ ========

======== Starting Transform RemoveCHIRRTL$ ========
---------------------------------------------------

Time: 3.3 ms
Form: UnknownForm
======== Finished Transform RemoveCHIRRTL$ ========

--------------------------------------------------------

Time: 13.4 ms
Form: HighForm
======== Finished Transform ChirrtlToHighFirrtl ========

======== Starting Transform IRToWorkingIR ========
======== Starting Transform ToWorkingIR$ ========
-------------------------------------------------

Time: 1.4 ms
Form: UnknownForm
======== Finished Transform ToWorkingIR$ ========

--------------------------------------------------

Time: 3.5 ms
Form: HighForm
======== Finished Transform IRToWorkingIR ========

======== Starting Transform ResolveAndCheck ========
======== Starting Transform CheckHighForm$ ========
---------------------------------------------------

Time: 15.0 ms
Form: UnknownForm
======== Finished Transform CheckHighForm$ ========

======== Starting Transform ResolveKinds$ ========
--------------------------------------------------

Time: 1.3 ms
Form: UnknownForm
======== Finished Transform ResolveKinds$ ========

======== Starting Transform InferTypes$ ========
------------------------------------------------

Time: 3.6 ms
Form: UnknownForm
======== Finished Transform InferTypes$ ========

======== Starting Transform CheckTypes$ ========
------------------------------------------------

Time: 2.1 ms
Form: UnknownForm
======== Finished Transform CheckTypes$ ========

======== Starting Transform Uniquify$ ========
----------------------------------------------

Time: 13.4 ms
Form: UnknownForm
======== Finished Transform Uniquify$ ========

======== Starting Transform ResolveKinds$ ========
--------------------------------------------------

Time: 1.3 ms
Form: UnknownForm
======== Finished Transform ResolveKinds$ ========

======== Starting Transform InferTypes$ ========
------------------------------------------------

Time: 3.4 ms
Form: UnknownForm
======== Finished Transform InferTypes$ ========

======== Starting Transform ResolveGenders$ ========
----------------------------------------------------

Time: 0.9 ms
Form: UnknownForm
======== Finished Transform ResolveGenders$ ========

======== Starting Transform CheckGenders$ ========
--------------------------------------------------

Time: 3.1 ms
Form: UnknownForm
======== Finished Transform CheckGenders$ ========

======== Starting Transform InferWidths$ ========
-------------------------------------------------

Time: 7.6 ms
Form: UnknownForm
======== Finished Transform InferWidths$ ========

======== Starting Transform CheckWidths$ ========
-------------------------------------------------

Time: 1.6 ms
Form: UnknownForm
======== Finished Transform CheckWidths$ ========

----------------------------------------------------

Time: 57.1 ms
Form: HighForm
======== Finished Transform ResolveAndCheck ========

======== Starting Transform DedupModules ========
-------------------------------------------------

Time: 55.1 ms
Form: HighForm
======== Finished Transform DedupModules ========

======== Starting Transform HighFirrtlToMiddleFirrtl ========
======== Starting Transform PullMuxes$ ========
-----------------------------------------------

Time: 2.0 ms
Form: UnknownForm
======== Finished Transform PullMuxes$ ========

======== Starting Transform ReplaceAccesses$ ========
-----------------------------------------------------

Time: 1.8 ms
Form: UnknownForm
======== Finished Transform ReplaceAccesses$ ========

======== Starting Transform ExpandConnects$ ========
----------------------------------------------------

Time: 3.5 ms
Form: UnknownForm
======== Finished Transform ExpandConnects$ ========

======== Starting Transform RemoveAccesses$ ========
----------------------------------------------------

Time: 54.6 ms
Form: UnknownForm
======== Finished Transform RemoveAccesses$ ========

======== Starting Transform Uniquify$ ========
----------------------------------------------

Time: 29.2 ms
Form: UnknownForm
======== Finished Transform Uniquify$ ========

======== Starting Transform ExpandWhens$ ========
-------------------------------------------------

Time: 38.0 ms
Form: UnknownForm
======== Finished Transform ExpandWhens$ ========

======== Starting Transform CheckInitialization$ ========
---------------------------------------------------------

Time: 2.1 ms
Form: UnknownForm
======== Finished Transform CheckInitialization$ ========

======== Starting Transform ResolveKinds$ ========
--------------------------------------------------

Time: 1.6 ms
Form: UnknownForm
======== Finished Transform ResolveKinds$ ========

======== Starting Transform InferTypes$ ========
------------------------------------------------

Time: 4.4 ms
Form: UnknownForm
======== Finished Transform InferTypes$ ========

======== Starting Transform CheckTypes$ ========
------------------------------------------------

Time: 2.8 ms
Form: UnknownForm
======== Finished Transform CheckTypes$ ========

======== Starting Transform ResolveGenders$ ========
----------------------------------------------------

Time: 1.1 ms
Form: UnknownForm
======== Finished Transform ResolveGenders$ ========

======== Starting Transform InferWidths$ ========
-------------------------------------------------

Time: 8.9 ms
Form: UnknownForm
======== Finished Transform InferWidths$ ========

======== Starting Transform CheckWidths$ ========
-------------------------------------------------

Time: 1.3 ms
Form: UnknownForm
======== Finished Transform CheckWidths$ ========

======== Starting Transform ConvertFixedToSInt$ ========
--------------------------------------------------------

Time: 11.2 ms
Form: UnknownForm
======== Finished Transform ConvertFixedToSInt$ ========

======== Starting Transform ZeroWidth$ ========
-----------------------------------------------

Time: 25.6 ms
Form: UnknownForm
======== Finished Transform ZeroWidth$ ========

-------------------------------------------------------------

Time: 201.4 ms
Form: MidForm
======== Finished Transform HighFirrtlToMiddleFirrtl ========

======== Starting Transform MiddleFirrtlEmitter ========
--------------------------------------------------------

Time: 0.9 ms
Form: MidForm
======== Finished Transform MiddleFirrtlEmitter ========

Total FIRRTL Compile Time: 333.8 ms
[[35minfo[0m] [0.000] Elaborating design...
[[35minfo[0m] [0.493] Done elaborating.
======== Starting Transform ChirrtlToHighFirrtl ========
======== Starting Transform CheckChirrtl$ ========
--------------------------------------------------

Time: 7.7 ms
Form: UnknownForm
======== Finished Transform CheckChirrtl$ ========

======== Starting Transform CInferTypes$ ========
-------------------------------------------------

Time: 4.9 ms
Form: UnknownForm
======== Finished Transform CInferTypes$ ========

======== Starting Transform CInferMDir$ ========
------------------------------------------------

Time: 3.5 ms
Form: UnknownForm
======== Finished Transform CInferMDir$ ========

======== Starting Transform RemoveCHIRRTL$ ========
---------------------------------------------------

Time: 2.5 ms
Form: UnknownForm
======== Finished Transform RemoveCHIRRTL$ ========

--------------------------------------------------------

Time: 20.0 ms
Form: HighForm
======== Finished Transform ChirrtlToHighFirrtl ========

======== Starting Transform IRToWorkingIR ========
======== Starting Transform ToWorkingIR$ ========
-------------------------------------------------

Time: 3.0 ms
Form: UnknownForm
======== Finished Transform ToWorkingIR$ ========

--------------------------------------------------

Time: 3.4 ms
Form: HighForm
======== Finished Transform IRToWorkingIR ========

======== Starting Transform ResolveAndCheck ========
======== Starting Transform CheckHighForm$ ========
---------------------------------------------------

Time: 20.8 ms
Form: UnknownForm
======== Finished Transform CheckHighForm$ ========

======== Starting Transform ResolveKinds$ ========
--------------------------------------------------

Time: 1.2 ms
Form: UnknownForm
======== Finished Transform ResolveKinds$ ========

======== Starting Transform InferTypes$ ========
------------------------------------------------

Time: 3.3 ms
Form: UnknownForm
======== Finished Transform InferTypes$ ========

======== Starting Transform CheckTypes$ ========
------------------------------------------------

Time: 9.7 ms
Form: UnknownForm
======== Finished Transform CheckTypes$ ========

======== Starting Transform Uniquify$ ========
----------------------------------------------

Time: 16.0 ms
Form: UnknownForm
======== Finished Transform Uniquify$ ========

======== Starting Transform ResolveKinds$ ========
--------------------------------------------------

Time: 1.6 ms
Form: UnknownForm
======== Finished Transform ResolveKinds$ ========

======== Starting Transform InferTypes$ ========
------------------------------------------------

Time: 13.2 ms
Form: UnknownForm
======== Finished Transform InferTypes$ ========

======== Starting Transform ResolveGenders$ ========
----------------------------------------------------

Time: 1.0 ms
Form: UnknownForm
======== Finished Transform ResolveGenders$ ========

======== Starting Transform CheckGenders$ ========
--------------------------------------------------

Time: 18.6 ms
Form: UnknownForm
======== Finished Transform CheckGenders$ ========

======== Starting Transform InferWidths$ ========
-------------------------------------------------

Time: 29.6 ms
Form: UnknownForm
======== Finished Transform InferWidths$ ========

======== Starting Transform CheckWidths$ ========
-------------------------------------------------

Time: 1.0 ms
Form: UnknownForm
======== Finished Transform CheckWidths$ ========

----------------------------------------------------

Time: 129.1 ms
Form: HighForm
======== Finished Transform ResolveAndCheck ========

======== Starting Transform DedupModules ========
-------------------------------------------------

Time: 57.3 ms
Form: HighForm
======== Finished Transform DedupModules ========

======== Starting Transform HighFirrtlToMiddleFirrtl ========
======== Starting Transform PullMuxes$ ========
-----------------------------------------------

Time: 1.7 ms
Form: UnknownForm
======== Finished Transform PullMuxes$ ========

======== Starting Transform ReplaceAccesses$ ========
-----------------------------------------------------

Time: 0.7 ms
Form: UnknownForm
======== Finished Transform ReplaceAccesses$ ========

======== Starting Transform ExpandConnects$ ========
----------------------------------------------------

Time: 1.7 ms
Form: UnknownForm
======== Finished Transform ExpandConnects$ ========

======== Starting Transform RemoveAccesses$ ========
----------------------------------------------------

Time: 15.1 ms
Form: UnknownForm
======== Finished Transform RemoveAccesses$ ========

======== Starting Transform Uniquify$ ========
----------------------------------------------

Time: 13.8 ms
Form: UnknownForm
======== Finished Transform Uniquify$ ========

======== Starting Transform ExpandWhens$ ========
-------------------------------------------------

Time: 41.2 ms
Form: UnknownForm
======== Finished Transform ExpandWhens$ ========

======== Starting Transform CheckInitialization$ ========
---------------------------------------------------------

Time: 2.9 ms
Form: UnknownForm
======== Finished Transform CheckInitialization$ ========

======== Starting Transform ResolveKinds$ ========
--------------------------------------------------

Time: 2.3 ms
Form: UnknownForm
======== Finished Transform ResolveKinds$ ========

======== Starting Transform InferTypes$ ========
------------------------------------------------

Time: 16.9 ms
Form: UnknownForm
======== Finished Transform InferTypes$ ========

======== Starting Transform CheckTypes$ ========
------------------------------------------------

Time: 5.1 ms
Form: UnknownForm
======== Finished Transform CheckTypes$ ========

======== Starting Transform ResolveGenders$ ========
----------------------------------------------------

Time: 1.4 ms
Form: UnknownForm
======== Finished Transform ResolveGenders$ ========

======== Starting Transform InferWidths$ ========
-------------------------------------------------

Time: 11.0 ms
Form: UnknownForm
======== Finished Transform InferWidths$ ========

======== Starting Transform CheckWidths$ ========
-------------------------------------------------

Time: 1.6 ms
Form: UnknownForm
======== Finished Transform CheckWidths$ ========

======== Starting Transform ConvertFixedToSInt$ ========
--------------------------------------------------------

Time: 14.5 ms
Form: UnknownForm
======== Finished Transform ConvertFixedToSInt$ ========

======== Starting Transform ZeroWidth$ ========
-----------------------------------------------

Time: 17.4 ms
Form: UnknownForm
======== Finished Transform ZeroWidth$ ========

-------------------------------------------------------------

Time: 166.2 ms
Form: MidForm
======== Finished Transform HighFirrtlToMiddleFirrtl ========

======== Starting Transform MiddleFirrtlEmitter ========
--------------------------------------------------------

Time: 0.0 ms
Form: MidForm
======== Finished Transform MiddleFirrtlEmitter ========

Total FIRRTL Compile Time: 377.3 ms
[[35minfo[0m] [0.000] Elaborating design...
[[35minfo[0m] [0.339] Done elaborating.
======== Starting Transform ChirrtlToHighFirrtl ========
======== Starting Transform CheckChirrtl$ ========
--------------------------------------------------

Time: 3.9 ms
Form: UnknownForm
======== Finished Transform CheckChirrtl$ ========

======== Starting Transform CInferTypes$ ========
-------------------------------------------------

Time: 2.6 ms
Form: UnknownForm
======== Finished Transform CInferTypes$ ========

======== Starting Transform CInferMDir$ ========
------------------------------------------------

Time: 1.1 ms
Form: UnknownForm
======== Finished Transform CInferMDir$ ========

======== Starting Transform RemoveCHIRRTL$ ========
---------------------------------------------------

Time: 3.1 ms
Form: UnknownForm
======== Finished Transform RemoveCHIRRTL$ ========

--------------------------------------------------------

Time: 11.9 ms
Form: HighForm
======== Finished Transform ChirrtlToHighFirrtl ========

======== Starting Transform IRToWorkingIR ========
======== Starting Transform ToWorkingIR$ ========
-------------------------------------------------

Time: 1.1 ms
Form: UnknownForm
======== Finished Transform ToWorkingIR$ ========

--------------------------------------------------

Time: 1.3 ms
Form: HighForm
======== Finished Transform IRToWorkingIR ========

======== Starting Transform ResolveAndCheck ========
======== Starting Transform CheckHighForm$ ========
---------------------------------------------------

Time: 7.0 ms
Form: UnknownForm
======== Finished Transform CheckHighForm$ ========

======== Starting Transform ResolveKinds$ ========
--------------------------------------------------

Time: 10.1 ms
Form: UnknownForm
======== Finished Transform ResolveKinds$ ========

======== Starting Transform InferTypes$ ========
------------------------------------------------

Time: 5.2 ms
Form: UnknownForm
======== Finished Transform InferTypes$ ========

======== Starting Transform CheckTypes$ ========
------------------------------------------------

Time: 2.1 ms
Form: UnknownForm
======== Finished Transform CheckTypes$ ========

======== Starting Transform Uniquify$ ========
----------------------------------------------

Time: 7.7 ms
Form: UnknownForm
======== Finished Transform Uniquify$ ========

======== Starting Transform ResolveKinds$ ========
--------------------------------------------------

Time: 1.2 ms
Form: UnknownForm
======== Finished Transform ResolveKinds$ ========

======== Starting Transform InferTypes$ ========
------------------------------------------------

Time: 3.3 ms
Form: UnknownForm
======== Finished Transform InferTypes$ ========

======== Starting Transform ResolveGenders$ ========
----------------------------------------------------

Time: 1.1 ms
Form: UnknownForm
======== Finished Transform ResolveGenders$ ========

======== Starting Transform CheckGenders$ ========
--------------------------------------------------

Time: 3.1 ms
Form: UnknownForm
======== Finished Transform CheckGenders$ ========

======== Starting Transform InferWidths$ ========
-------------------------------------------------

Time: 5.5 ms
Form: UnknownForm
======== Finished Transform InferWidths$ ========

======== Starting Transform CheckWidths$ ========
-------------------------------------------------

Time: 1.0 ms
Form: UnknownForm
======== Finished Transform CheckWidths$ ========

----------------------------------------------------

Time: 51.3 ms
Form: HighForm
======== Finished Transform ResolveAndCheck ========

======== Starting Transform DedupModules ========
-------------------------------------------------

Time: 31.5 ms
Form: HighForm
======== Finished Transform DedupModules ========

======== Starting Transform HighFirrtlToMiddleFirrtl ========
======== Starting Transform PullMuxes$ ========
-----------------------------------------------

Time: 0.8 ms
Form: UnknownForm
======== Finished Transform PullMuxes$ ========

======== Starting Transform ReplaceAccesses$ ========
-----------------------------------------------------

Time: 1.1 ms
Form: UnknownForm
======== Finished Transform ReplaceAccesses$ ========

======== Starting Transform ExpandConnects$ ========
----------------------------------------------------

Time: 2.5 ms
Form: UnknownForm
======== Finished Transform ExpandConnects$ ========

======== Starting Transform RemoveAccesses$ ========
----------------------------------------------------

Time: 5.1 ms
Form: UnknownForm
======== Finished Transform RemoveAccesses$ ========

======== Starting Transform Uniquify$ ========
----------------------------------------------

Time: 8.8 ms
Form: UnknownForm
======== Finished Transform Uniquify$ ========

======== Starting Transform ExpandWhens$ ========
-------------------------------------------------

Time: 17.8 ms
Form: UnknownForm
======== Finished Transform ExpandWhens$ ========

======== Starting Transform CheckInitialization$ ========
---------------------------------------------------------

Time: 3.0 ms
Form: UnknownForm
======== Finished Transform CheckInitialization$ ========

======== Starting Transform ResolveKinds$ ========
--------------------------------------------------

Time: 2.0 ms
Form: UnknownForm
======== Finished Transform ResolveKinds$ ========

======== Starting Transform InferTypes$ ========
------------------------------------------------

Time: 5.5 ms
Form: UnknownForm
======== Finished Transform InferTypes$ ========

======== Starting Transform CheckTypes$ ========
------------------------------------------------

Time: 2.6 ms
Form: UnknownForm
======== Finished Transform CheckTypes$ ========

======== Starting Transform ResolveGenders$ ========
----------------------------------------------------

Time: 1.1 ms
Form: UnknownForm
======== Finished Transform ResolveGenders$ ========

======== Starting Transform InferWidths$ ========
-------------------------------------------------

Time: 8.7 ms
Form: UnknownForm
======== Finished Transform InferWidths$ ========

======== Starting Transform CheckWidths$ ========
-------------------------------------------------

Time: 1.2 ms
Form: UnknownForm
======== Finished Transform CheckWidths$ ========

======== Starting Transform ConvertFixedToSInt$ ========
--------------------------------------------------------

Time: 10.4 ms
Form: UnknownForm
======== Finished Transform ConvertFixedToSInt$ ========

======== Starting Transform ZeroWidth$ ========
-----------------------------------------------

Time: 9.7 ms
Form: UnknownForm
======== Finished Transform ZeroWidth$ ========

-------------------------------------------------------------

Time: 85.5 ms
Form: MidForm
======== Finished Transform HighFirrtlToMiddleFirrtl ========

======== Starting Transform MiddleFirrtlEmitter ========
--------------------------------------------------------

Time: 0.0 ms
Form: MidForm
======== Finished Transform MiddleFirrtlEmitter ========

Total FIRRTL Compile Time: 182.7 ms
[[35minfo[0m] [0.000] Elaborating design...
[[35minfo[0m] [0.186] Done elaborating.
======== Starting Transform ChirrtlToHighFirrtl ========
======== Starting Transform CheckChirrtl$ ========
--------------------------------------------------

Time: 9.3 ms
Form: UnknownForm
======== Finished Transform CheckChirrtl$ ========

======== Starting Transform CInferTypes$ ========
-------------------------------------------------

Time: 10.0 ms
Form: UnknownForm
======== Finished Transform CInferTypes$ ========

======== Starting Transform CInferMDir$ ========
------------------------------------------------

Time: 1.3 ms
Form: UnknownForm
======== Finished Transform CInferMDir$ ========

======== Starting Transform RemoveCHIRRTL$ ========
---------------------------------------------------

Time: 2.9 ms
Form: UnknownForm
======== Finished Transform RemoveCHIRRTL$ ========

--------------------------------------------------------

Time: 25.0 ms
Form: HighForm
======== Finished Transform ChirrtlToHighFirrtl ========

======== Starting Transform IRToWorkingIR ========
======== Starting Transform ToWorkingIR$ ========
-------------------------------------------------

Time: 1.6 ms
Form: UnknownForm
======== Finished Transform ToWorkingIR$ ========

--------------------------------------------------

Time: 1.9 ms
Form: HighForm
======== Finished Transform IRToWorkingIR ========

======== Starting Transform ResolveAndCheck ========
======== Starting Transform CheckHighForm$ ========
---------------------------------------------------

Time: 11.6 ms
Form: UnknownForm
======== Finished Transform CheckHighForm$ ========

======== Starting Transform ResolveKinds$ ========
--------------------------------------------------

Time: 1.3 ms
Form: UnknownForm
======== Finished Transform ResolveKinds$ ========

======== Starting Transform InferTypes$ ========
------------------------------------------------

Time: 17.8 ms
Form: UnknownForm
======== Finished Transform InferTypes$ ========

======== Starting Transform CheckTypes$ ========
------------------------------------------------

Time: 2.2 ms
Form: UnknownForm
======== Finished Transform CheckTypes$ ========

======== Starting Transform Uniquify$ ========
----------------------------------------------

Time: 24.7 ms
Form: UnknownForm
======== Finished Transform Uniquify$ ========

======== Starting Transform ResolveKinds$ ========
--------------------------------------------------

Time: 1.5 ms
Form: UnknownForm
======== Finished Transform ResolveKinds$ ========

======== Starting Transform InferTypes$ ========
------------------------------------------------

Time: 3.2 ms
Form: UnknownForm
======== Finished Transform InferTypes$ ========

======== Starting Transform ResolveGenders$ ========
----------------------------------------------------

Time: 1.2 ms
Form: UnknownForm
======== Finished Transform ResolveGenders$ ========

======== Starting Transform CheckGenders$ ========
--------------------------------------------------

Time: 4.0 ms
Form: UnknownForm
======== Finished Transform CheckGenders$ ========

======== Starting Transform InferWidths$ ========
-------------------------------------------------

Time: 5.0 ms
Form: UnknownForm
======== Finished Transform InferWidths$ ========

======== Starting Transform CheckWidths$ ========
-------------------------------------------------

Time: 10.1 ms
Form: UnknownForm
======== Finished Transform CheckWidths$ ========

----------------------------------------------------

Time: 95.6 ms
Form: HighForm
======== Finished Transform ResolveAndCheck ========

======== Starting Transform DedupModules ========
-------------------------------------------------

Time: 62.9 ms
Form: HighForm
======== Finished Transform DedupModules ========

======== Starting Transform HighFirrtlToMiddleFirrtl ========
======== Starting Transform PullMuxes$ ========
-----------------------------------------------

Time: 1.1 ms
Form: UnknownForm
======== Finished Transform PullMuxes$ ========

======== Starting Transform ReplaceAccesses$ ========
-----------------------------------------------------

Time: 0.9 ms
Form: UnknownForm
======== Finished Transform ReplaceAccesses$ ========

======== Starting Transform ExpandConnects$ ========
----------------------------------------------------

Time: 1.8 ms
Form: UnknownForm
======== Finished Transform ExpandConnects$ ========

======== Starting Transform RemoveAccesses$ ========
----------------------------------------------------

Time: 13.3 ms
Form: UnknownForm
======== Finished Transform RemoveAccesses$ ========

======== Starting Transform Uniquify$ ========
----------------------------------------------

Time: 14.0 ms
Form: UnknownForm
======== Finished Transform Uniquify$ ========

======== Starting Transform ExpandWhens$ ========
-------------------------------------------------

Time: 43.4 ms
Form: UnknownForm
======== Finished Transform ExpandWhens$ ========

======== Starting Transform CheckInitialization$ ========
---------------------------------------------------------

Time: 2.9 ms
Form: UnknownForm
======== Finished Transform CheckInitialization$ ========

======== Starting Transform ResolveKinds$ ========
--------------------------------------------------

Time: 1.8 ms
Form: UnknownForm
======== Finished Transform ResolveKinds$ ========

======== Starting Transform InferTypes$ ========
------------------------------------------------

Time: 5.6 ms
Form: UnknownForm
======== Finished Transform InferTypes$ ========

======== Starting Transform CheckTypes$ ========
------------------------------------------------

Time: 16.9 ms
Form: UnknownForm
======== Finished Transform CheckTypes$ ========

======== Starting Transform ResolveGenders$ ========
----------------------------------------------------

Time: 1.5 ms
Form: UnknownForm
======== Finished Transform ResolveGenders$ ========

======== Starting Transform InferWidths$ ========
-------------------------------------------------

Time: 20.6 ms
Form: UnknownForm
======== Finished Transform InferWidths$ ========

======== Starting Transform CheckWidths$ ========
-------------------------------------------------

Time: 1.8 ms
Form: UnknownForm
======== Finished Transform CheckWidths$ ========

======== Starting Transform ConvertFixedToSInt$ ========
--------------------------------------------------------

Time: 33.4 ms
Form: UnknownForm
======== Finished Transform ConvertFixedToSInt$ ========

======== Starting Transform ZeroWidth$ ========
-----------------------------------------------

Time: 9.1 ms
Form: UnknownForm
======== Finished Transform ZeroWidth$ ========

-------------------------------------------------------------

Time: 186.4 ms
Form: MidForm
======== Finished Transform HighFirrtlToMiddleFirrtl ========

======== Starting Transform MiddleFirrtlEmitter ========
--------------------------------------------------------

Time: 0.0 ms
Form: MidForm
======== Finished Transform MiddleFirrtlEmitter ========

Total FIRRTL Compile Time: 378.0 ms
[[35minfo[0m] [0.000] Elaborating design...
[[35minfo[0m] [0.366] Done elaborating.
======== Starting Transform ChirrtlToHighFirrtl ========
======== Starting Transform CheckChirrtl$ ========
--------------------------------------------------

Time: 7.9 ms
Form: UnknownForm
======== Finished Transform CheckChirrtl$ ========

======== Starting Transform CInferTypes$ ========
-------------------------------------------------

Time: 3.6 ms
Form: UnknownForm
======== Finished Transform CInferTypes$ ========

======== Starting Transform CInferMDir$ ========
------------------------------------------------

Time: 1.5 ms
Form: UnknownForm
======== Finished Transform CInferMDir$ ========

======== Starting Transform RemoveCHIRRTL$ ========
---------------------------------------------------

Time: 3.4 ms
Form: UnknownForm
======== Finished Transform RemoveCHIRRTL$ ========

--------------------------------------------------------

Time: 17.8 ms
Form: HighForm
======== Finished Transform ChirrtlToHighFirrtl ========

======== Starting Transform IRToWorkingIR ========
======== Starting Transform ToWorkingIR$ ========
-------------------------------------------------

Time: 1.2 ms
Form: UnknownForm
======== Finished Transform ToWorkingIR$ ========

--------------------------------------------------

Time: 1.5 ms
Form: HighForm
======== Finished Transform IRToWorkingIR ========

======== Starting Transform ResolveAndCheck ========
======== Starting Transform CheckHighForm$ ========
---------------------------------------------------

Time: 6.0 ms
Form: UnknownForm
======== Finished Transform CheckHighForm$ ========

======== Starting Transform ResolveKinds$ ========
--------------------------------------------------

Time: 1.9 ms
Form: UnknownForm
======== Finished Transform ResolveKinds$ ========

======== Starting Transform InferTypes$ ========
------------------------------------------------

Time: 4.1 ms
Form: UnknownForm
======== Finished Transform InferTypes$ ========

======== Starting Transform CheckTypes$ ========
------------------------------------------------

Time: 2.1 ms
Form: UnknownForm
======== Finished Transform CheckTypes$ ========

======== Starting Transform Uniquify$ ========
----------------------------------------------

Time: 7.8 ms
Form: UnknownForm
======== Finished Transform Uniquify$ ========

======== Starting Transform ResolveKinds$ ========
--------------------------------------------------

Time: 1.6 ms
Form: UnknownForm
======== Finished Transform ResolveKinds$ ========

======== Starting Transform InferTypes$ ========
------------------------------------------------

Time: 75.1 ms
Form: UnknownForm
======== Finished Transform InferTypes$ ========

======== Starting Transform ResolveGenders$ ========
----------------------------------------------------

Time: 0.8 ms
Form: UnknownForm
======== Finished Transform ResolveGenders$ ========

======== Starting Transform CheckGenders$ ========
--------------------------------------------------

Time: 2.2 ms
Form: UnknownForm
======== Finished Transform CheckGenders$ ========

======== Starting Transform InferWidths$ ========
-------------------------------------------------

Time: 6.9 ms
Form: UnknownForm
======== Finished Transform InferWidths$ ========

======== Starting Transform CheckWidths$ ========
-------------------------------------------------

Time: 0.9 ms
Form: UnknownForm
======== Finished Transform CheckWidths$ ========

----------------------------------------------------

Time: 113.7 ms
Form: HighForm
======== Finished Transform ResolveAndCheck ========

======== Starting Transform DedupModules ========
-------------------------------------------------

Time: 26.9 ms
Form: HighForm
======== Finished Transform DedupModules ========

======== Starting Transform HighFirrtlToMiddleFirrtl ========
======== Starting Transform PullMuxes$ ========
-----------------------------------------------

Time: 1.0 ms
Form: UnknownForm
======== Finished Transform PullMuxes$ ========

======== Starting Transform ReplaceAccesses$ ========
-----------------------------------------------------

Time: 0.7 ms
Form: UnknownForm
======== Finished Transform ReplaceAccesses$ ========

======== Starting Transform ExpandConnects$ ========
----------------------------------------------------

Time: 1.8 ms
Form: UnknownForm
======== Finished Transform ExpandConnects$ ========

======== Starting Transform RemoveAccesses$ ========
----------------------------------------------------

Time: 3.6 ms
Form: UnknownForm
======== Finished Transform RemoveAccesses$ ========

======== Starting Transform Uniquify$ ========
----------------------------------------------

Time: 7.0 ms
Form: UnknownForm
======== Finished Transform Uniquify$ ========

======== Starting Transform ExpandWhens$ ========
-------------------------------------------------

Time: 30.2 ms
Form: UnknownForm
======== Finished Transform ExpandWhens$ ========

======== Starting Transform CheckInitialization$ ========
---------------------------------------------------------

Time: 2.8 ms
Form: UnknownForm
======== Finished Transform CheckInitialization$ ========

======== Starting Transform ResolveKinds$ ========
--------------------------------------------------

Time: 2.2 ms
Form: UnknownForm
======== Finished Transform ResolveKinds$ ========

======== Starting Transform InferTypes$ ========
------------------------------------------------

Time: 6.0 ms
Form: UnknownForm
======== Finished Transform InferTypes$ ========

======== Starting Transform CheckTypes$ ========
------------------------------------------------

Time: 1.9 ms
Form: UnknownForm
======== Finished Transform CheckTypes$ ========

======== Starting Transform ResolveGenders$ ========
----------------------------------------------------

Time: 3.0 ms
Form: UnknownForm
======== Finished Transform ResolveGenders$ ========

======== Starting Transform InferWidths$ ========
-------------------------------------------------

Time: 11.6 ms
Form: UnknownForm
======== Finished Transform InferWidths$ ========

======== Starting Transform CheckWidths$ ========
-------------------------------------------------

Time: 1.9 ms
Form: UnknownForm
======== Finished Transform CheckWidths$ ========

======== Starting Transform ConvertFixedToSInt$ ========
--------------------------------------------------------

Time: 16.4 ms
Form: UnknownForm
======== Finished Transform ConvertFixedToSInt$ ========

======== Starting Transform ZeroWidth$ ========
-----------------------------------------------

Time: 7.4 ms
Form: UnknownForm
======== Finished Transform ZeroWidth$ ========

-------------------------------------------------------------

Time: 105.4 ms
Form: MidForm
======== Finished Transform HighFirrtlToMiddleFirrtl ========

======== Starting Transform MiddleFirrtlEmitter ========
--------------------------------------------------------

Time: 0.0 ms
Form: MidForm
======== Finished Transform MiddleFirrtlEmitter ========

Total FIRRTL Compile Time: 266.7 ms
======== Starting Transform CheckHighForm$ ========
---------------------------------------------------

Time: 53.1 ms
Form: UnknownForm
======== Finished Transform CheckHighForm$ ========

======== Starting Transform ResolveKinds$ ========
--------------------------------------------------

Time: 11.8 ms
Form: UnknownForm
======== Finished Transform ResolveKinds$ ========

======== Starting Transform InferTypes$ ========
------------------------------------------------

Time: 35.2 ms
Form: UnknownForm
======== Finished Transform InferTypes$ ========

======== Starting Transform CheckTypes$ ========
------------------------------------------------

Time: 12.1 ms
Form: UnknownForm
======== Finished Transform CheckTypes$ ========

======== Starting Transform Uniquify$ ========
----------------------------------------------

Time: 69.9 ms
Form: UnknownForm
======== Finished Transform Uniquify$ ========

======== Starting Transform ResolveKinds$ ========
--------------------------------------------------

Time: 10.2 ms
Form: UnknownForm
======== Finished Transform ResolveKinds$ ========

======== Starting Transform InferTypes$ ========
------------------------------------------------

Time: 28.4 ms
Form: UnknownForm
======== Finished Transform InferTypes$ ========

======== Starting Transform ResolveGenders$ ========
----------------------------------------------------

Time: 7.5 ms
Form: UnknownForm
======== Finished Transform ResolveGenders$ ========

======== Starting Transform CheckGenders$ ========
--------------------------------------------------

Time: 28.3 ms
Form: UnknownForm
======== Finished Transform CheckGenders$ ========

======== Starting Transform InferWidths$ ========
-------------------------------------------------

Time: 54.1 ms
Form: UnknownForm
======== Finished Transform InferWidths$ ========

======== Starting Transform CheckWidths$ ========
-------------------------------------------------

Time: 11.4 ms
Form: UnknownForm
======== Finished Transform CheckWidths$ ========

---------------------------------------------------------

Time: 6692.1 ms
Form: HighForm
======== Finished Transform ReplaceMemsTransform ========

======== Starting Transform IRToWorkingIR ========
======== Starting Transform ToWorkingIR$ ========
-------------------------------------------------

Time: 7.4 ms
Form: UnknownForm
======== Finished Transform ToWorkingIR$ ========

--------------------------------------------------

Time: 8.0 ms
Form: HighForm
======== Finished Transform IRToWorkingIR ========

======== Starting Transform ResolveAndCheck ========
======== Starting Transform CheckHighForm$ ========
---------------------------------------------------

Time: 40.9 ms
Form: UnknownForm
======== Finished Transform CheckHighForm$ ========

======== Starting Transform ResolveKinds$ ========
--------------------------------------------------

Time: 33.6 ms
Form: UnknownForm
======== Finished Transform ResolveKinds$ ========

======== Starting Transform InferTypes$ ========
------------------------------------------------

Time: 68.0 ms
Form: UnknownForm
======== Finished Transform InferTypes$ ========

======== Starting Transform CheckTypes$ ========
------------------------------------------------

Time: 50.9 ms
Form: UnknownForm
======== Finished Transform CheckTypes$ ========

======== Starting Transform Uniquify$ ========
----------------------------------------------

Time: 66.2 ms
Form: UnknownForm
======== Finished Transform Uniquify$ ========

======== Starting Transform ResolveKinds$ ========
--------------------------------------------------

Time: 11.2 ms
Form: UnknownForm
======== Finished Transform ResolveKinds$ ========

======== Starting Transform InferTypes$ ========
------------------------------------------------

Time: 49.5 ms
Form: UnknownForm
======== Finished Transform InferTypes$ ========

======== Starting Transform ResolveGenders$ ========
----------------------------------------------------

Time: 6.7 ms
Form: UnknownForm
======== Finished Transform ResolveGenders$ ========

======== Starting Transform CheckGenders$ ========
--------------------------------------------------

Time: 28.2 ms
Form: UnknownForm
======== Finished Transform CheckGenders$ ========

======== Starting Transform InferWidths$ ========
-------------------------------------------------

Time: 97.9 ms
Form: UnknownForm
======== Finished Transform InferWidths$ ========

======== Starting Transform CheckWidths$ ========
-------------------------------------------------

Time: 76.5 ms
Form: UnknownForm
======== Finished Transform CheckWidths$ ========

----------------------------------------------------

Time: 536.9 ms
Form: HighForm
======== Finished Transform ResolveAndCheck ========

======== Starting Transform DedupModules ========
-------------------------------------------------

Time: 387.5 ms
Form: HighForm
======== Finished Transform DedupModules ========

======== Starting Transform HighFirrtlToMiddleFirrtl ========
======== Starting Transform PullMuxes$ ========
-----------------------------------------------

Time: 3.5 ms
Form: UnknownForm
======== Finished Transform PullMuxes$ ========

======== Starting Transform ReplaceAccesses$ ========
-----------------------------------------------------

Time: 4.3 ms
Form: UnknownForm
======== Finished Transform ReplaceAccesses$ ========

======== Starting Transform ExpandConnects$ ========
----------------------------------------------------

Time: 41.5 ms
Form: UnknownForm
======== Finished Transform ExpandConnects$ ========

======== Starting Transform RemoveAccesses$ ========
----------------------------------------------------

Time: 23.2 ms
Form: UnknownForm
======== Finished Transform RemoveAccesses$ ========

======== Starting Transform Uniquify$ ========
----------------------------------------------

Time: 60.3 ms
Form: UnknownForm
======== Finished Transform Uniquify$ ========

======== Starting Transform ExpandWhens$ ========
-------------------------------------------------

Time: 72.4 ms
Form: UnknownForm
======== Finished Transform ExpandWhens$ ========

======== Starting Transform CheckInitialization$ ========
---------------------------------------------------------

Time: 6.1 ms
Form: UnknownForm
======== Finished Transform CheckInitialization$ ========

======== Starting Transform ResolveKinds$ ========
--------------------------------------------------

Time: 6.3 ms
Form: UnknownForm
======== Finished Transform ResolveKinds$ ========

======== Starting Transform InferTypes$ ========
------------------------------------------------

Time: 19.6 ms
Form: UnknownForm
======== Finished Transform InferTypes$ ========

======== Starting Transform CheckTypes$ ========
------------------------------------------------

Time: 6.3 ms
Form: UnknownForm
======== Finished Transform CheckTypes$ ========

======== Starting Transform ResolveGenders$ ========
----------------------------------------------------

Time: 3.8 ms
Form: UnknownForm
======== Finished Transform ResolveGenders$ ========

======== Starting Transform InferWidths$ ========
-------------------------------------------------

Time: 24.3 ms
Form: UnknownForm
======== Finished Transform InferWidths$ ========

======== Starting Transform CheckWidths$ ========
-------------------------------------------------

Time: 6.8 ms
Form: UnknownForm
======== Finished Transform CheckWidths$ ========

======== Starting Transform ConvertFixedToSInt$ ========
--------------------------------------------------------

Time: 47.5 ms
Form: UnknownForm
======== Finished Transform ConvertFixedToSInt$ ========

======== Starting Transform ZeroWidth$ ========
-----------------------------------------------

Time: 34.0 ms
Form: UnknownForm
======== Finished Transform ZeroWidth$ ========

-------------------------------------------------------------

Time: 392.8 ms
Form: MidForm
======== Finished Transform HighFirrtlToMiddleFirrtl ========

======== Starting Transform SplitMuxConditions ========
-------------------------------------------------------

Time: 53.0 ms
Form: MidForm
======== Finished Transform SplitMuxConditions ========

======== Starting Transform MiddleFirrtlToLowFirrtl ========
======== Starting Transform LowerTypes$ ========
------------------------------------------------

Time: 338.6 ms
Form: UnknownForm
======== Finished Transform LowerTypes$ ========

======== Starting Transform ResolveKinds$ ========
--------------------------------------------------

Time: 7.9 ms
Form: UnknownForm
======== Finished Transform ResolveKinds$ ========

======== Starting Transform InferTypes$ ========
------------------------------------------------

Time: 15.1 ms
Form: UnknownForm
======== Finished Transform InferTypes$ ========

======== Starting Transform ResolveGenders$ ========
----------------------------------------------------

Time: 3.5 ms
Form: UnknownForm
======== Finished Transform ResolveGenders$ ========

======== Starting Transform InferWidths$ ========
-------------------------------------------------

Time: 34.1 ms
Form: UnknownForm
======== Finished Transform InferWidths$ ========

======== Starting Transform Legalize$ ========
----------------------------------------------

Time: 4.3 ms
Form: UnknownForm
======== Finished Transform Legalize$ ========

======== Starting Transform RemoveReset ========
------------------------------------------------

Time: 2.0 ms
Form: UnknownForm
======== Finished Transform RemoveReset ========

======== Starting Transform CheckCombLoops ========
---------------------------------------------------

Time: 160.7 ms
Form: LowForm
======== Finished Transform CheckCombLoops ========

======== Starting Transform RemoveWires ========
------------------------------------------------

Time: 176.5 ms
Form: UnknownForm
======== Finished Transform RemoveWires ========

------------------------------------------------------------

Time: 753.1 ms
Form: LowForm
======== Finished Transform MiddleFirrtlToLowFirrtl ========

======== Starting Transform ProfilingTransform ========
======== Starting Transform FixupOps ========
---------------------------------------------

Time: 37.6 ms
Form: LowForm
======== Finished Transform FixupOps ========

-------------------------------------------------------

Time: 623.9 ms
Form: LowForm
======== Finished Transform ProfilingTransform ========

======== Starting Transform WiringTransform ========
======== Starting Transform Wiring ========
-------------------------------------------

Time: 1070.7 ms
Form: UnknownForm
======== Finished Transform Wiring ========

======== Starting Transform ToWorkingIR$ ========
-------------------------------------------------

Time: 5.8 ms
Form: UnknownForm
======== Finished Transform ToWorkingIR$ ========

----------------------------------------------------

Time: 1143.0 ms
Form: UnknownForm
======== Finished Transform WiringTransform ========

======== Starting Transform IRToWorkingIR ========
======== Starting Transform ToWorkingIR$ ========
-------------------------------------------------

Time: 7.1 ms
Form: UnknownForm
======== Finished Transform ToWorkingIR$ ========

--------------------------------------------------

Time: 25.9 ms
Form: HighForm
======== Finished Transform IRToWorkingIR ========

======== Starting Transform ResolveAndCheck ========
======== Starting Transform CheckHighForm$ ========
---------------------------------------------------

Time: 35.1 ms
Form: UnknownForm
======== Finished Transform CheckHighForm$ ========

======== Starting Transform ResolveKinds$ ========
--------------------------------------------------

Time: 25.2 ms
Form: UnknownForm
======== Finished Transform ResolveKinds$ ========

======== Starting Transform InferTypes$ ========
------------------------------------------------

Time: 77.9 ms
Form: UnknownForm
======== Finished Transform InferTypes$ ========

======== Starting Transform CheckTypes$ ========
------------------------------------------------

Time: 75.0 ms
Form: UnknownForm
======== Finished Transform CheckTypes$ ========

======== Starting Transform Uniquify$ ========
----------------------------------------------

Time: 191.3 ms
Form: UnknownForm
======== Finished Transform Uniquify$ ========

======== Starting Transform ResolveKinds$ ========
--------------------------------------------------

Time: 15.2 ms
Form: UnknownForm
======== Finished Transform ResolveKinds$ ========

======== Starting Transform InferTypes$ ========
------------------------------------------------

Time: 70.8 ms
Form: UnknownForm
======== Finished Transform InferTypes$ ========

======== Starting Transform ResolveGenders$ ========
----------------------------------------------------

Time: 39.5 ms
Form: UnknownForm
======== Finished Transform ResolveGenders$ ========

======== Starting Transform CheckGenders$ ========
--------------------------------------------------

Time: 77.6 ms
Form: UnknownForm
======== Finished Transform CheckGenders$ ========

======== Starting Transform InferWidths$ ========
-------------------------------------------------

Time: 85.1 ms
Form: UnknownForm
======== Finished Transform InferWidths$ ========

======== Starting Transform CheckWidths$ ========
-------------------------------------------------

Time: 9.4 ms
Form: UnknownForm
======== Finished Transform CheckWidths$ ========

----------------------------------------------------

Time: 940.9 ms
Form: HighForm
======== Finished Transform ResolveAndCheck ========

======== Starting Transform DedupModules ========
-------------------------------------------------

Time: 561.2 ms
Form: HighForm
======== Finished Transform DedupModules ========

======== Starting Transform HighFirrtlToMiddleFirrtl ========
======== Starting Transform PullMuxes$ ========
-----------------------------------------------

Time: 6.3 ms
Form: UnknownForm
======== Finished Transform PullMuxes$ ========

======== Starting Transform ReplaceAccesses$ ========
-----------------------------------------------------

Time: 7.5 ms
Form: UnknownForm
======== Finished Transform ReplaceAccesses$ ========

======== Starting Transform ExpandConnects$ ========
----------------------------------------------------

Time: 21.5 ms
Form: UnknownForm
======== Finished Transform ExpandConnects$ ========

======== Starting Transform RemoveAccesses$ ========
----------------------------------------------------

Time: 33.6 ms
Form: UnknownForm
======== Finished Transform RemoveAccesses$ ========

======== Starting Transform Uniquify$ ========
----------------------------------------------

Time: 135.5 ms
Form: UnknownForm
======== Finished Transform Uniquify$ ========

======== Starting Transform ExpandWhens$ ========
-------------------------------------------------

Time: 217.6 ms
Form: UnknownForm
======== Finished Transform ExpandWhens$ ========

======== Starting Transform CheckInitialization$ ========
---------------------------------------------------------

Time: 25.0 ms
Form: UnknownForm
======== Finished Transform CheckInitialization$ ========

======== Starting Transform ResolveKinds$ ========
--------------------------------------------------

Time: 90.1 ms
Form: UnknownForm
======== Finished Transform ResolveKinds$ ========

======== Starting Transform InferTypes$ ========
------------------------------------------------

Time: 51.1 ms
Form: UnknownForm
======== Finished Transform InferTypes$ ========

======== Starting Transform CheckTypes$ ========
------------------------------------------------

Time: 18.3 ms
Form: UnknownForm
======== Finished Transform CheckTypes$ ========

======== Starting Transform ResolveGenders$ ========
----------------------------------------------------

Time: 12.2 ms
Form: UnknownForm
======== Finished Transform ResolveGenders$ ========

======== Starting Transform InferWidths$ ========
-------------------------------------------------

Time: 60.8 ms
Form: UnknownForm
======== Finished Transform InferWidths$ ========

======== Starting Transform CheckWidths$ ========
-------------------------------------------------

Time: 7.1 ms
Form: UnknownForm
======== Finished Transform CheckWidths$ ========

======== Starting Transform ConvertFixedToSInt$ ========
--------------------------------------------------------

Time: 82.1 ms
Form: UnknownForm
======== Finished Transform ConvertFixedToSInt$ ========

======== Starting Transform ZeroWidth$ ========
-----------------------------------------------

Time: 88.4 ms
Form: UnknownForm
======== Finished Transform ZeroWidth$ ========

-------------------------------------------------------------

Time: 1069.4 ms
Form: MidForm
======== Finished Transform HighFirrtlToMiddleFirrtl ========

======== Starting Transform MiddleFirrtlToLowFirrtl ========
======== Starting Transform LowerTypes$ ========
------------------------------------------------

Time: 393.1 ms
Form: UnknownForm
======== Finished Transform LowerTypes$ ========

======== Starting Transform ResolveKinds$ ========
--------------------------------------------------

Time: 19.3 ms
Form: UnknownForm
======== Finished Transform ResolveKinds$ ========

======== Starting Transform InferTypes$ ========
------------------------------------------------

Time: 38.9 ms
Form: UnknownForm
======== Finished Transform InferTypes$ ========

======== Starting Transform ResolveGenders$ ========
----------------------------------------------------

Time: 14.9 ms
Form: UnknownForm
======== Finished Transform ResolveGenders$ ========

======== Starting Transform InferWidths$ ========
-------------------------------------------------

Time: 90.0 ms
Form: UnknownForm
======== Finished Transform InferWidths$ ========

======== Starting Transform Legalize$ ========
----------------------------------------------

Time: 6.6 ms
Form: UnknownForm
======== Finished Transform Legalize$ ========

======== Starting Transform RemoveReset ========
------------------------------------------------

Time: 3.0 ms
Form: UnknownForm
======== Finished Transform RemoveReset ========

======== Starting Transform CheckCombLoops ========
---------------------------------------------------

Time: 429.7 ms
Form: LowForm
======== Finished Transform CheckCombLoops ========

======== Starting Transform RemoveWires ========
------------------------------------------------

Time: 142.1 ms
Form: UnknownForm
======== Finished Transform RemoveWires ========

------------------------------------------------------------

Time: 1220.6 ms
Form: LowForm
======== Finished Transform MiddleFirrtlToLowFirrtl ========

======== Starting Transform AddMetaResetTransform ========
======== Starting Transform RemoveReset ========
------------------------------------------------

Time: 1.9 ms
Form: LowForm
======== Finished Transform RemoveReset ========

----------------------------------------------------------

Time: 186.4 ms
Form: LowForm
======== Finished Transform AddMetaResetTransform ========

Total Custom FIRRTL Compile Time: 20473.2 ms
Running transforms:
  LowFirrtlOptimization
  VerilogEmitter
======== Starting Transform LowFirrtlOptimization ========
======== Starting Transform RemoveValidIf$ ========
---------------------------------------------------

Time: 4.3 ms
Form: UnknownForm
======== Finished Transform RemoveValidIf$ ========

======== Starting Transform ConstantPropagation ========
--------------------------------------------------------

Time: 102.1 ms
Form: UnknownForm
======== Finished Transform ConstantPropagation ========

======== Starting Transform PadWidths$ ========
-----------------------------------------------

Time: 80.9 ms
Form: UnknownForm
======== Finished Transform PadWidths$ ========

======== Starting Transform ConstantPropagation ========
--------------------------------------------------------

Time: 68.5 ms
Form: UnknownForm
======== Finished Transform ConstantPropagation ========

======== Starting Transform Legalize$ ========
----------------------------------------------

Time: 6.3 ms
Form: UnknownForm
======== Finished Transform Legalize$ ========

======== Starting Transform VerilogMemDelays$ ========
------------------------------------------------------

Time: 41.5 ms
Form: UnknownForm
======== Finished Transform VerilogMemDelays$ ========

======== Starting Transform ConstantPropagation ========
--------------------------------------------------------

Time: 59.6 ms
Form: UnknownForm
======== Finished Transform ConstantPropagation ========

======== Starting Transform SplitExpressions$ ========
------------------------------------------------------

Time: 19.5 ms
Form: UnknownForm
======== Finished Transform SplitExpressions$ ========

======== Starting Transform CommonSubexpressionElimination$ ========
--------------------------------------------------------------------

Time: 352.0 ms
Form: UnknownForm
======== Finished Transform CommonSubexpressionElimination$ ========

======== Starting Transform DeadCodeElimination ========
--------------------------------------------------------

Time: 295.3 ms
Form: UnknownForm
======== Finished Transform DeadCodeElimination ========

----------------------------------------------------------

Time: 1122.0 ms
Form: LowForm
======== Finished Transform LowFirrtlOptimization ========

======== Starting Transform VerilogEmitter ========
======== Starting Transform FlattenRegUpdate ========
-----------------------------------------------------

Time: 28.0 ms
Form: LowForm
======== Finished Transform FlattenRegUpdate ========

======== Starting Transform DeadCodeElimination ========
--------------------------------------------------------

Time: 223.0 ms
Form: LowForm
======== Finished Transform DeadCodeElimination ========

======== Starting Transform VerilogModulusCleanup$ ========
-----------------------------------------------------------

Time: 17.5 ms
Form: UnknownForm
======== Finished Transform VerilogModulusCleanup$ ========

======== Starting Transform VerilogWrap$ ========
-------------------------------------------------

Time: 14.6 ms
Form: UnknownForm
======== Finished Transform VerilogWrap$ ========

======== Starting Transform VerilogRename$ ========
---------------------------------------------------

Time: 17.2 ms
Form: UnknownForm
======== Finished Transform VerilogRename$ ========

======== Starting Transform VerilogPrep$ ========
-------------------------------------------------

Time: 51.8 ms
Form: UnknownForm
======== Finished Transform VerilogPrep$ ========

---------------------------------------------------

Time: 1066.9 ms
Form: LowForm
======== Finished Transform VerilogEmitter ========

Total Custom FIRRTL Compile Time: 2209.6 ms
[0m[[0m[32msuccess[0m] [0m[0mTotal time: 27 s, completed Jul 8, 2019 2:31:52 PM[0m
mv instrumentation/Sodor3Stage.toml /home/hut1si/gits/rfuzz2ndtry/build/Sodor3Stage_InstrumentationInfo.toml
mv instrumentation/Sodor3Stage.lo.fir /home/hut1si/gits/rfuzz2ndtry/build/Sodor3Stage.lo.fir
cd harness ;\
sbt "run /home/hut1si/gits/rfuzz2ndtry/build/Sodor3Stage_InstrumentationInfo.toml /home/hut1si/gits/rfuzz2ndtry/build/Sodor3Stage.toml /home/hut1si/gits/rfuzz2ndtry/build/Sodor3Stage.e2e.toml"
[0m[[0m[0minfo[0m] [0m[0mLoading project definition from /home/hut1si/gits/rfuzz2ndtry/harness/project[0m
[0m[[0m[0minfo[0m] [0m[0mLoading settings for project harness from build.sbt ...[0m
[0m[[0m[0minfo[0m] [0m[0mSet current project to harness (in build file:/home/hut1si/gits/rfuzz2ndtry/harness/)[0m
[0m[[0m[0minfo[0m] [0m[0mRunning pynq.HarnessGenerator /home/hut1si/gits/rfuzz2ndtry/build/Sodor3Stage_InstrumentationInfo.toml /home/hut1si/gits/rfuzz2ndtry/build/Sodor3Stage.toml /home/hut1si/gits/rfuzz2ndtry/build/Sodor3Stage.e2e.toml[0m
Conf: DUTConfig(Sodor3Stage.v,Sodor3Stage,List(Input(io_imem_resp_bits_data,32), Input(io_imem_req_ready,1), Input(io_imem_resp_valid,1), Input(io_reset,1)),35,List(Port(func_cover_out,0), Port(assert_out,1), Port(auto_cover_out,746)),List(Coverage(assert_out,_GEN_388,0,Sodor3Stage.fir,2483,6,((((insn_ret + io_exception) <= 1) or reset) == 0)), Coverage(auto_cover_out,_GEN_1,0,Sodor3Stage.fir,450,6,io_cpu_req_valid), Coverage(auto_cover_out,_GEN_5,1,Sodor3Stage.fir,448,4,io_cpu_resp_ready), Coverage(auto_cover_out,_GEN_0,11,Sodor3Stage.fir,619,4,(4111 == (io_imem_resp_bits_inst and 28799))), Coverage(auto_cover_out,_GEN_1,12,Sodor3Stage.fir,620,4,(273678451 == io_imem_resp_bits_inst)), Coverage(auto_cover_out,_GEN_2,13,Sodor3Stage.fir,621,4,(1048691 == io_imem_resp_bits_inst)), Coverage(auto_cover_out,_GEN_3,14,Sodor3Stage.fir,622,4,(2065694835 == io_imem_resp_bits_inst)), Coverage(auto_cover_out,_GEN_4,15,Sodor3Stage.fir,623,4,(807403635 == io_imem_resp_bits_inst)), Coverage(auto_cover_out,_GEN_5,16,Sodor3Stage.fir,624,4,(115 == io_imem_resp_bits_inst)), Coverage(auto_cover_out,_GEN_6,17,Sodor3Stage.fir,625,4,(28787 == (io_imem_resp_bits_inst and 28799))), Coverage(auto_cover_out,_GEN_7,18,Sodor3Stage.fir,626,4,(12403 == (io_imem_resp_bits_inst and 28799))), Coverage(auto_cover_out,_GEN_8,19,Sodor3Stage.fir,627,4,(8307 == (io_imem_resp_bits_inst and 28799))), Coverage(auto_cover_out,_GEN_9,20,Sodor3Stage.fir,628,4,(4211 == (io_imem_resp_bits_inst and 28799))), Coverage(auto_cover_out,_GEN_10,21,Sodor3Stage.fir,629,4,(24691 == (io_imem_resp_bits_inst and 28799))), Coverage(auto_cover_out,_GEN_11,22,Sodor3Stage.fir,630,4,(20595 == (io_imem_resp_bits_inst and 28799))), Coverage(auto_cover_out,_GEN_12,23,Sodor3Stage.fir,631,4,(24675 == (io_imem_resp_bits_inst and 28799))), Coverage(auto_cover_out,_GEN_13,24,Sodor3Stage.fir,632,4,(16483 == (io_imem_resp_bits_inst and 28799))), Coverage(auto_cover_out,_GEN_14,25,Sodor3Stage.fir,633,4,(28771 == (io_imem_resp_bits_inst and 28799))), Coverage(auto_cover_out,_GEN_15,26,Sodor3Stage.fir,634,4,(20579 == (io_imem_resp_bits_inst and 28799))), Coverage(auto_cover_out,_GEN_16,27,Sodor3Stage.fir,635,4,(4195 == (io_imem_resp_bits_inst and 28799))), Coverage(auto_cover_out,_GEN_17,28,Sodor3Stage.fir,636,4,(99 == (io_imem_resp_bits_inst and 28799))), Coverage(auto_cover_out,_GEN_18,29,Sodor3Stage.fir,637,4,(103 == (io_imem_resp_bits_inst and 28799))), Coverage(auto_cover_out,_GEN_19,30,Sodor3Stage.fir,638,4,(111 == (io_imem_resp_bits_inst and 127))), Coverage(auto_cover_out,_GEN_20,31,Sodor3Stage.fir,639,4,(20531 == (io_imem_resp_bits_inst and 4261441663))), Coverage(auto_cover_out,_GEN_21,32,Sodor3Stage.fir,640,4,(1073762355 == (io_imem_resp_bits_inst and 4261441663))), Coverage(auto_cover_out,_GEN_22,33,Sodor3Stage.fir,641,4,(16435 == (io_imem_resp_bits_inst and 4261441663))), Coverage(auto_cover_out,_GEN_23,34,Sodor3Stage.fir,642,4,(24627 == (io_imem_resp_bits_inst and 4261441663))), Coverage(auto_cover_out,_GEN_24,35,Sodor3Stage.fir,643,4,(28723 == (io_imem_resp_bits_inst and 4261441663))), Coverage(auto_cover_out,_GEN_25,36,Sodor3Stage.fir,644,4,(12339 == (io_imem_resp_bits_inst and 4261441663))), Coverage(auto_cover_out,_GEN_26,37,Sodor3Stage.fir,645,4,(8243 == (io_imem_resp_bits_inst and 4261441663))), Coverage(auto_cover_out,_GEN_27,38,Sodor3Stage.fir,646,4,(1073741875 == (io_imem_resp_bits_inst and 4261441663))), Coverage(auto_cover_out,_GEN_28,39,Sodor3Stage.fir,647,4,(51 == (io_imem_resp_bits_inst and 4261441663))), Coverage(auto_cover_out,_GEN_29,40,Sodor3Stage.fir,648,4,(4147 == (io_imem_resp_bits_inst and 4261441663))), Coverage(auto_cover_out,_GEN_30,41,Sodor3Stage.fir,649,4,(20499 == (io_imem_resp_bits_inst and 4227887231))), Coverage(auto_cover_out,_GEN_31,42,Sodor3Stage.fir,650,4,(1073762323 == (io_imem_resp_bits_inst and 4227887231))), Coverage(auto_cover_out,_GEN_32,43,Sodor3Stage.fir,651,4,(4115 == (io_imem_resp_bits_inst and 4227887231))), Coverage(auto_cover_out,_GEN_33,44,Sodor3Stage.fir,652,4,(12307 == (io_imem_resp_bits_inst and 28799))), Coverage(auto_cover_out,_GEN_34,45,Sodor3Stage.fir,653,4,(8211 == (io_imem_resp_bits_inst and 28799))), Coverage(auto_cover_out,_GEN_35,46,Sodor3Stage.fir,654,4,(16403 == (io_imem_resp_bits_inst and 28799))), Coverage(auto_cover_out,_GEN_36,47,Sodor3Stage.fir,655,4,(24595 == (io_imem_resp_bits_inst and 28799))), Coverage(auto_cover_out,_GEN_37,48,Sodor3Stage.fir,656,4,(28691 == (io_imem_resp_bits_inst and 28799))), Coverage(auto_cover_out,_GEN_38,49,Sodor3Stage.fir,657,4,(19 == (io_imem_resp_bits_inst and 28799))), Coverage(auto_cover_out,_GEN_39,50,Sodor3Stage.fir,658,4,(55 == (io_imem_resp_bits_inst and 127))), Coverage(auto_cover_out,_GEN_40,51,Sodor3Stage.fir,659,4,(23 == (io_imem_resp_bits_inst and 127))), Coverage(auto_cover_out,_GEN_41,52,Sodor3Stage.fir,660,4,(4131 == (io_imem_resp_bits_inst and 28799))), Coverage(auto_cover_out,_GEN_42,53,Sodor3Stage.fir,661,4,(35 == (io_imem_resp_bits_inst and 28799))), Coverage(auto_cover_out,_GEN_43,54,Sodor3Stage.fir,662,4,(8227 == (io_imem_resp_bits_inst and 28799))), Coverage(auto_cover_out,_GEN_44,55,Sodor3Stage.fir,663,4,(20483 == (io_imem_resp_bits_inst and 28799))), Coverage(auto_cover_out,_GEN_45,56,Sodor3Stage.fir,664,4,(4099 == (io_imem_resp_bits_inst and 28799))), Coverage(auto_cover_out,_GEN_46,57,Sodor3Stage.fir,665,4,(16387 == (io_imem_resp_bits_inst and 28799))), Coverage(auto_cover_out,_GEN_47,58,Sodor3Stage.fir,666,4,(3 == (io_imem_resp_bits_inst and 28799))), Coverage(auto_cover_out,_GEN_48,59,Sodor3Stage.fir,667,4,(8195 == (io_imem_resp_bits_inst and 28799))), Coverage(auto_cover_out,_GEN_402,413,Sodor3Stage.fir,1322,4,(io_dat_br_eq == 0)), Coverage(auto_cover_out,_GEN_403,414,Sodor3Stage.fir,1324,4,io_dat_br_eq), Coverage(auto_cover_out,_GEN_404,415,Sodor3Stage.fir,1327,4,(io_dat_br_lt == 0)), Coverage(auto_cover_out,_GEN_405,416,Sodor3Stage.fir,1330,4,(io_dat_br_ltu == 0)), Coverage(auto_cover_out,_GEN_406,417,Sodor3Stage.fir,1332,4,io_dat_br_lt), Coverage(auto_cover_out,_GEN_407,418,Sodor3Stage.fir,1334,4,io_dat_br_ltu), Coverage(auto_cover_out,_GEN_408,419,Sodor3Stage.fir,1337,4,(cs_br_type == 8)), Coverage(auto_cover_out,_GEN_409,420,Sodor3Stage.fir,1338,4,(cs_br_type == 7)), Coverage(auto_cover_out,_GEN_410,421,Sodor3Stage.fir,1339,4,(cs_br_type == 6)), Coverage(auto_cover_out,_GEN_411,422,Sodor3Stage.fir,1340,4,(cs_br_type == 5)), Coverage(auto_cover_out,_GEN_412,423,Sodor3Stage.fir,1341,4,(cs_br_type == 4)), Coverage(auto_cover_out,_GEN_413,424,Sodor3Stage.fir,1342,4,(cs_br_type == 3)), Coverage(auto_cover_out,_GEN_414,425,Sodor3Stage.fir,1343,4,(cs_br_type == 2)), Coverage(auto_cover_out,_GEN_415,426,Sodor3Stage.fir,1344,4,(cs_br_type == 1)), Coverage(auto_cover_out,_GEN_416,427,Sodor3Stage.fir,1345,4,(cs_br_type == 0)), Coverage(auto_cover_out,_GEN_417,428,Sodor3Stage.fir,1346,4,take_evec), Coverage(auto_cover_out,_GEN_418,429,Sodor3Stage.fir,1371,4,csr_ren), Coverage(auto_cover_out,_GEN_425,436,,-1,-1,(io_imem_resp_valid == 0)), Coverage(auto_cover_out,_GEN_0,441,Sodor3Stage.fir,1397,4,io_fn[3:3]), Coverage(auto_cover_out,_GEN_1,442,Sodor3Stage.fir,1407,4,io_fn[1:1]), Coverage(auto_cover_out,_GEN_2,443,Sodor3Stage.fir,1408,4,(io_in1[31:31] == io_in2[31:31])), Coverage(auto_cover_out,_GEN_3,444,Sodor3Stage.fir,1463,4,((io_fn == 5) or (io_fn == 11))), Coverage(auto_cover_out,_GEN_4,445,Sodor3Stage.fir,1526,4,(io_fn == 4)), Coverage(auto_cover_out,_GEN_5,446,Sodor3Stage.fir,1527,4,(io_fn == 6)), Coverage(auto_cover_out,_GEN_6,447,Sodor3Stage.fir,1528,4,(io_fn == 7)), Coverage(auto_cover_out,_GEN_7,448,Sodor3Stage.fir,1539,4,(io_fn == 1)), Coverage(auto_cover_out,_GEN_9,450,Sodor3Stage.fir,1541,4,((io_fn == 12) or (io_fn == 14))), Coverage(auto_cover_out,_GEN_10,451,,-1,-1,((io_fn == 0) or (io_fn == 10))), Coverage(auto_cover_out,_GEN_7,454,Sodor3Stage.fir,2237,4,((io_rw_cmd == 2) or (io_rw_cmd == 3))), Coverage(auto_cover_out,_GEN_11,455,Sodor3Stage.fir,2240,4,(io_rw_cmd == 3)), Coverage(auto_cover_out,_GEN_15,456,Sodor3Stage.fir,2472,4,io_exception), Coverage(auto_cover_out,_GEN_150,460,Sodor3Stage.fir,2500,4,(insn_ret and (io_decode_csr[10:10] == 0))), Coverage(auto_cover_out,_GEN_154,464,Sodor3Stage.fir,2506,4,insn_call), Coverage(auto_cover_out,_GEN_156,466,Sodor3Stage.fir,2512,4,insn_break), Coverage(auto_cover_out,_GEN_157,467,Sodor3Stage.fir,2518,4,(io_decode_csr == 2816)), Coverage(auto_cover_out,_GEN_158,468,Sodor3Stage.fir,2519,4,(io_decode_csr == 2818)), Coverage(auto_cover_out,_GEN_159,469,Sodor3Stage.fir,2520,4,(io_decode_csr == 3859)), Coverage(auto_cover_out,_GEN_160,470,Sodor3Stage.fir,2523,4,(io_decode_csr == 769)), Coverage(auto_cover_out,_GEN_161,471,Sodor3Stage.fir,2524,4,(io_decode_csr == 768)), Coverage(auto_cover_out,_GEN_162,472,Sodor3Stage.fir,2525,4,(io_decode_csr == 773)), Coverage(auto_cover_out,_GEN_163,473,Sodor3Stage.fir,2526,4,(io_decode_csr == 836)), Coverage(auto_cover_out,_GEN_164,474,Sodor3Stage.fir,2527,4,(io_decode_csr == 772)), Coverage(auto_cover_out,_GEN_165,475,Sodor3Stage.fir,2528,4,(io_decode_csr == 832)), Coverage(auto_cover_out,_GEN_166,476,Sodor3Stage.fir,2529,4,(io_decode_csr == 833)), Coverage(auto_cover_out,_GEN_167,477,Sodor3Stage.fir,2530,4,(io_decode_csr == 835)), Coverage(auto_cover_out,_GEN_168,478,Sodor3Stage.fir,2531,4,(io_decode_csr == 834)), Coverage(auto_cover_out,_GEN_169,479,Sodor3Stage.fir,2532,4,(io_decode_csr == 3860)), Coverage(auto_cover_out,_GEN_170,480,Sodor3Stage.fir,2533,4,(io_decode_csr == 1968)), Coverage(auto_cover_out,_GEN_171,481,Sodor3Stage.fir,2534,4,(io_decode_csr == 1969)), Coverage(auto_cover_out,_GEN_172,482,Sodor3Stage.fir,2535,4,(io_decode_csr == 1970)), Coverage(auto_cover_out,_GEN_173,483,Sodor3Stage.fir,2536,4,(io_decode_csr == 770)), Coverage(auto_cover_out,_GEN_174,484,Sodor3Stage.fir,2537,4,(io_decode_csr == 2819)), Coverage(auto_cover_out,_GEN_175,485,Sodor3Stage.fir,2538,4,(io_decode_csr == 2947)), Coverage(auto_cover_out,_GEN_176,486,Sodor3Stage.fir,2539,4,(io_decode_csr == 2820)), Coverage(auto_cover_out,_GEN_177,487,Sodor3Stage.fir,2540,4,(io_decode_csr == 2948)), Coverage(auto_cover_out,_GEN_178,488,Sodor3Stage.fir,2541,4,(io_decode_csr == 2821)), Coverage(auto_cover_out,_GEN_179,489,Sodor3Stage.fir,2542,4,(io_decode_csr == 2949)), Coverage(auto_cover_out,_GEN_180,490,Sodor3Stage.fir,2543,4,(io_decode_csr == 2822)), Coverage(auto_cover_out,_GEN_181,491,Sodor3Stage.fir,2544,4,(io_decode_csr == 2950)), Coverage(auto_cover_out,_GEN_182,492,Sodor3Stage.fir,2545,4,(io_decode_csr == 2823)), Coverage(auto_cover_out,_GEN_183,493,Sodor3Stage.fir,2546,4,(io_decode_csr == 2951)), Coverage(auto_cover_out,_GEN_184,494,Sodor3Stage.fir,2547,4,(io_decode_csr == 2824)), Coverage(auto_cover_out,_GEN_185,495,Sodor3Stage.fir,2548,4,(io_decode_csr == 2952)), Coverage(auto_cover_out,_GEN_186,496,Sodor3Stage.fir,2549,4,(io_decode_csr == 2825)), Coverage(auto_cover_out,_GEN_187,497,Sodor3Stage.fir,2550,4,(io_decode_csr == 2953)), Coverage(auto_cover_out,_GEN_188,498,Sodor3Stage.fir,2551,4,(io_decode_csr == 2826)), Coverage(auto_cover_out,_GEN_189,499,Sodor3Stage.fir,2552,4,(io_decode_csr == 2954)), Coverage(auto_cover_out,_GEN_190,500,Sodor3Stage.fir,2553,4,(io_decode_csr == 2827)), Coverage(auto_cover_out,_GEN_191,501,Sodor3Stage.fir,2554,4,(io_decode_csr == 2955)), Coverage(auto_cover_out,_GEN_192,502,Sodor3Stage.fir,2555,4,(io_decode_csr == 2828)), Coverage(auto_cover_out,_GEN_193,503,Sodor3Stage.fir,2556,4,(io_decode_csr == 2956)), Coverage(auto_cover_out,_GEN_194,504,Sodor3Stage.fir,2557,4,(io_decode_csr == 2829)), Coverage(auto_cover_out,_GEN_195,505,Sodor3Stage.fir,2558,4,(io_decode_csr == 2957)), Coverage(auto_cover_out,_GEN_196,506,Sodor3Stage.fir,2559,4,(io_decode_csr == 2830)), Coverage(auto_cover_out,_GEN_197,507,Sodor3Stage.fir,2560,4,(io_decode_csr == 2958)), Coverage(auto_cover_out,_GEN_198,508,Sodor3Stage.fir,2561,4,(io_decode_csr == 2831)), Coverage(auto_cover_out,_GEN_199,509,Sodor3Stage.fir,2562,4,(io_decode_csr == 2959)), Coverage(auto_cover_out,_GEN_200,510,Sodor3Stage.fir,2563,4,(io_decode_csr == 2832)), Coverage(auto_cover_out,_GEN_201,511,Sodor3Stage.fir,2564,4,(io_decode_csr == 2960)), Coverage(auto_cover_out,_GEN_202,512,Sodor3Stage.fir,2565,4,(io_decode_csr == 2833)), Coverage(auto_cover_out,_GEN_203,513,Sodor3Stage.fir,2566,4,(io_decode_csr == 2961)), Coverage(auto_cover_out,_GEN_204,514,Sodor3Stage.fir,2567,4,(io_decode_csr == 2834)), Coverage(auto_cover_out,_GEN_205,515,Sodor3Stage.fir,2568,4,(io_decode_csr == 2962)), Coverage(auto_cover_out,_GEN_206,516,Sodor3Stage.fir,2569,4,(io_decode_csr == 2835)), Coverage(auto_cover_out,_GEN_207,517,Sodor3Stage.fir,2570,4,(io_decode_csr == 2963)), Coverage(auto_cover_out,_GEN_208,518,Sodor3Stage.fir,2571,4,(io_decode_csr == 2836)), Coverage(auto_cover_out,_GEN_209,519,Sodor3Stage.fir,2572,4,(io_decode_csr == 2964)), Coverage(auto_cover_out,_GEN_210,520,Sodor3Stage.fir,2573,4,(io_decode_csr == 2837)), Coverage(auto_cover_out,_GEN_211,521,Sodor3Stage.fir,2574,4,(io_decode_csr == 2965)), Coverage(auto_cover_out,_GEN_212,522,Sodor3Stage.fir,2575,4,(io_decode_csr == 2838)), Coverage(auto_cover_out,_GEN_213,523,Sodor3Stage.fir,2576,4,(io_decode_csr == 2966)), Coverage(auto_cover_out,_GEN_214,524,Sodor3Stage.fir,2577,4,(io_decode_csr == 2839)), Coverage(auto_cover_out,_GEN_215,525,Sodor3Stage.fir,2578,4,(io_decode_csr == 2967)), Coverage(auto_cover_out,_GEN_216,526,Sodor3Stage.fir,2579,4,(io_decode_csr == 2840)), Coverage(auto_cover_out,_GEN_217,527,Sodor3Stage.fir,2580,4,(io_decode_csr == 2968)), Coverage(auto_cover_out,_GEN_218,528,Sodor3Stage.fir,2581,4,(io_decode_csr == 2841)), Coverage(auto_cover_out,_GEN_219,529,Sodor3Stage.fir,2582,4,(io_decode_csr == 2969)), Coverage(auto_cover_out,_GEN_220,530,Sodor3Stage.fir,2583,4,(io_decode_csr == 2842)), Coverage(auto_cover_out,_GEN_221,531,Sodor3Stage.fir,2584,4,(io_decode_csr == 2970)), Coverage(auto_cover_out,_GEN_222,532,Sodor3Stage.fir,2585,4,(io_decode_csr == 2843)), Coverage(auto_cover_out,_GEN_223,533,Sodor3Stage.fir,2586,4,(io_decode_csr == 2971)), Coverage(auto_cover_out,_GEN_224,534,Sodor3Stage.fir,2587,4,(io_decode_csr == 2844)), Coverage(auto_cover_out,_GEN_225,535,Sodor3Stage.fir,2588,4,(io_decode_csr == 2972)), Coverage(auto_cover_out,_GEN_226,536,Sodor3Stage.fir,2589,4,(io_decode_csr == 2845)), Coverage(auto_cover_out,_GEN_227,537,Sodor3Stage.fir,2590,4,(io_decode_csr == 2973)), Coverage(auto_cover_out,_GEN_228,538,Sodor3Stage.fir,2591,4,(io_decode_csr == 2846)), Coverage(auto_cover_out,_GEN_229,539,Sodor3Stage.fir,2592,4,(io_decode_csr == 2974)), Coverage(auto_cover_out,_GEN_230,540,Sodor3Stage.fir,2593,4,(io_decode_csr == 2847)), Coverage(auto_cover_out,_GEN_231,541,Sodor3Stage.fir,2594,4,(io_decode_csr == 2975)), Coverage(auto_cover_out,_GEN_232,542,Sodor3Stage.fir,2595,4,(io_decode_csr == 2848)), Coverage(auto_cover_out,_GEN_233,543,Sodor3Stage.fir,2596,4,(io_decode_csr == 2976)), Coverage(auto_cover_out,_GEN_234,544,Sodor3Stage.fir,2597,4,(io_decode_csr == 2849)), Coverage(auto_cover_out,_GEN_235,545,Sodor3Stage.fir,2598,4,(io_decode_csr == 2977)), Coverage(auto_cover_out,_GEN_236,546,Sodor3Stage.fir,2599,4,(io_decode_csr == 2850)), Coverage(auto_cover_out,_GEN_237,547,Sodor3Stage.fir,2600,4,(io_decode_csr == 2978)), Coverage(auto_cover_out,_GEN_309,619,Sodor3Stage.fir,3210,6,(io_decode_csr == 2944)), Coverage(auto_cover_out,_GEN_313,623,Sodor3Stage.fir,3225,6,(io_decode_csr == 2946)), Coverage(auto_cover_out,_GEN_324,634,Sodor3Stage.fir,2690,4,wen), Coverage(auto_cover_out,_GEN_0,698,Sodor3Stage.fir,3404,4,imm_j[19:19]), Coverage(auto_cover_out,_GEN_1,699,Sodor3Stage.fir,3399,4,imm_b[11:11]), Coverage(auto_cover_out,_GEN_2,700,Sodor3Stage.fir,3435,4,io_ctl_brjmp_sel), Coverage(auto_cover_out,_GEN_3,701,Sodor3Stage.fir,3327,4,(io_ctl_pc_sel == 3)), Coverage(auto_cover_out,_GEN_4,702,Sodor3Stage.fir,3663,4,(wb_reg_ctrl_wb_sel == 3)), Coverage(auto_cover_out,_GEN_5,703,Sodor3Stage.fir,3664,4,(wb_reg_ctrl_wb_sel == 2)), Coverage(auto_cover_out,_GEN_6,704,Sodor3Stage.fir,3665,4,(wb_reg_ctrl_wb_sel == 1)), Coverage(auto_cover_out,_GEN_7,705,Sodor3Stage.fir,3363,4,(exe_rs1_addr != 0)), Coverage(auto_cover_out,_GEN_8,706,Sodor3Stage.fir,3366,4,(exe_rs2_addr != 0)), Coverage(auto_cover_out,_GEN_9,707,Sodor3Stage.fir,3391,4,imm_i[11:11]), Coverage(auto_cover_out,_GEN_10,708,Sodor3Stage.fir,3395,4,imm_s[11:11]), Coverage(auto_cover_out,_GEN_11,709,Sodor3Stage.fir,3412,4,((((wb_reg_wbaddr == exe_rs1_addr) and (exe_rs1_addr != 0)) and wb_reg_ctrl_rf_wen) and wb_reg_ctrl_bypassable)), Coverage(auto_cover_out,_GEN_13,711,Sodor3Stage.fir,3421,4,(io_ctl_op1_sel == 1)), Coverage(auto_cover_out,_GEN_14,712,Sodor3Stage.fir,3426,4,(io_ctl_op2_sel == 2)), Coverage(auto_cover_out,_GEN_15,713,Sodor3Stage.fir,3427,4,(io_ctl_op2_sel == 3)), Coverage(auto_cover_out,_GEN_16,714,Sodor3Stage.fir,3348,4,(wb_reg_ctrl_wb_sel == 0)), Coverage(auto_cover_out,_GEN_23,721,,-1,-1,(io_ctl_op1_sel == 2)), Coverage(auto_cover_out,_GEN_0,722,Sodor3Stage.fir,3773,4,io_dw_en), Coverage(auto_cover_out,_GEN_4,726,,-1,-1,1), Coverage(auto_cover_out,_GEN_0,738,Sodor3Stage.fir,3888,4,(sync_data).io_dataInstr_0_data[7:7]), Coverage(auto_cover_out,_GEN_1,739,Sodor3Stage.fir,3894,4,(sync_data).io_dataInstr_0_data[15:15]), Coverage(auto_cover_out,_GEN_5,743,Sodor3Stage.fir,3929,6,(io_core_ports_0_req_bits_typ == 2))),192)
[[35minfo[0m] [0.001] Elaborating design...
coverage_byte_count: 198
input_byte_count: 8
coverage width: 1536
[[35minfo[0m] [1.134] Done elaborating.
Total FIRRTL Compile Time: 4331.3 ms
[[35minfo[0m] [0.000] Elaborating design...
coverage_byte_count: 198
input_byte_count: 8
coverage width: 1536
[[35minfo[0m] [0.351] Done elaborating.
Total FIRRTL Compile Time: 1806.4 ms
[0m[[0m[32msuccess[0m] [0m[0mTotal time: 15 s, completed Jul 8, 2019 2:32:23 PM[0m
mv harness/VerilatorHarness.v /home/hut1si/gits/rfuzz2ndtry/build/Sodor3Stage_VHarness.v
mv harness/E2ECoverageHarness.v /home/hut1si/gits/rfuzz2ndtry/build/Sodor3Stage_E2EHarness.v
mkdir -p /home/hut1si/gits/rfuzz2ndtry/build/vSodor3Stage
cd /home/hut1si/gits/rfuzz2ndtry/build/vSodor3Stage && meson ../../verilator --buildtype=release \
                         -Dtrace=false -Dbuild_dir='/home/hut1si/gits/rfuzz2ndtry/build' -Ddut='Sodor3Stage' \
                      && ninja
The Meson build system
Version: 0.50.1
Source dir: /home/hut1si/gits/rfuzz2ndtry/verilator
Build dir: /home/hut1si/gits/rfuzz2ndtry/build/vSodor3Stage
Build type: native build
Project name: fuzz-server
Project version: 0.0.1
Native C++ compiler: g++-4.8 (gcc 4.8.5 "g++-4.8 (Ubuntu 4.8.5-4ubuntu8~16.04.1) 4.8.5")
Build machine cpu family: x86_64
Build machine cpu: x86_64
Program verilator.py found: YES (/home/hut1si/gits/rfuzz2ndtry/verilator/verilator.py)
Found pkg-config: /usr/bin/pkg-config (0.29.1)
Dependency verilator found: YES 4.011 devel
Program dut_gen.py found: YES (/home/hut1si/gits/rfuzz2ndtry/verilator/dut_gen.py)
Build targets in project: 4
Found ninja-1.5.1 at /usr/bin/ninja
[1/14] Generating verilator with a custom command.
[2/14] Generating dut_hpp with a custom command.
%Warning-PINMISSING: /home/hut1si/gits/rfuzz2ndtry/build/Sodor3Stage_VHarness.v:417: Cell has missing pin: io_imem_req_valid
%Warning-PINMISSING: Use "/* verilator lint_off PINMISSING */" and lint_on around source to disable this message.
%Warning-PINMISSING: /home/hut1si/gits/rfuzz2ndtry/build/Sodor3Stage_VHarness.v:417: Cell has missing pin: io_imem_req_bits_addr
%Warning-PINMISSING: /home/hut1si/gits/rfuzz2ndtry/build/Sodor3Stage_VHarness.v:417: Cell has missing pin: io_imem_req_bits_data
%Warning-PINMISSING: /home/hut1si/gits/rfuzz2ndtry/build/Sodor3Stage_VHarness.v:417: Cell has missing pin: io_imem_req_bits_fcn
%Warning-PINMISSING: /home/hut1si/gits/rfuzz2ndtry/build/Sodor3Stage_VHarness.v:417: Cell has missing pin: io_imem_req_bits_typ
[3/14] Compiling C++ object 'sim@sta/meson-generated_.._VSodor3Stage_VHarness.cpp.o'.
[4/14] Compiling C++ object 'sim@sta/meson-generated_.._VSodor3Stage_VHarness__Syms.cpp.o'.
[5/14] Compiling C++ object 'sim@sta/meson-generated_.._verilated_vcd_c.cpp.o'.
[6/14] Compiling C++ object 'sim@sta/meson-generated_.._verilated.cpp.o'.
[7/14] Compiling C++ object 'server@exe/meson-generated_.._VSodor3Stage_VHarness.cpp.o'.
[8/14] Compiling C++ object 'server@exe/meson-generated_.._VSodor3Stage_VHarness__Syms.cpp.o'.
[9/14] Compiling C++ object 'server@exe/meson-generated_.._verilated.cpp.o'.
verilated.cpp: In function ‘void VL_WRITEMEM_N(bool, int, int, int, const string&, const void*, IData, IData)’:
verilated.cpp:1319:44: warning: comparison between signed and unsigned integer expressions [-Wsign-compare]
     for (int row_addr = start; row_addr <= end; ++row_addr) {
                                            ^
[10/14] Compiling C++ object 'server@exe/meson-generated_.._verilated_vcd_c.cpp.o'.
[11/14] Compiling C++ object 'server@exe/top.cpp.o'.
[12/14] Compiling C++ object 'server@exe/fpga_queue.cpp.o'.
[13/14] Linking static target libsim.a.
[14/14] Linking target server.
mv /home/hut1si/gits/rfuzz2ndtry/build/vSodor3Stage/server /home/hut1si/gits/rfuzz2ndtry/build/Sodor3Stage_server
mkdir -p /home/hut1si/gits/rfuzz2ndtry/build/vSodor3Stage.e2e
cd /home/hut1si/gits/rfuzz2ndtry/build/vSodor3Stage.e2e && meson ../../e2e --buildtype=release \
                             -Dtrace=false -Dbuild_dir='/home/hut1si/gits/rfuzz2ndtry/build' -Ddut='Sodor3Stage' \
                          && ninja
The Meson build system
Version: 0.50.1
Source dir: /home/hut1si/gits/rfuzz2ndtry/e2e
Build dir: /home/hut1si/gits/rfuzz2ndtry/build/vSodor3Stage.e2e
Build type: native build
Project name: coverage
Project version: 0.0.1
Native C++ compiler: g++-4.8 (gcc 4.8.5 "g++-4.8 (Ubuntu 4.8.5-4ubuntu8~16.04.1) 4.8.5")
Build machine cpu family: x86_64
Build machine cpu: x86_64
Program ../verilator/verilator.py found: YES (/home/hut1si/gits/rfuzz2ndtry/e2e/../verilator/verilator.py)
Found pkg-config: /usr/bin/pkg-config (0.29.1)
Dependency verilator found: YES 4.011 devel
Program ../verilator/dut_gen.py found: YES (/home/hut1si/gits/rfuzz2ndtry/e2e/../verilator/dut_gen.py)
Build targets in project: 4
Found ninja-1.5.1 at /usr/bin/ninja
[1/13] Generating verilator with a custom command.
[2/13] Generating dut_hpp with a custom command.
%Warning-PINMISSING: /home/hut1si/gits/rfuzz2ndtry/build/Sodor3Stage_E2EHarness.v:417: Cell has missing pin: io_imem_req_valid
%Warning-PINMISSING: Use "/* verilator lint_off PINMISSING */" and lint_on around source to disable this message.
%Warning-PINMISSING: /home/hut1si/gits/rfuzz2ndtry/build/Sodor3Stage_E2EHarness.v:417: Cell has missing pin: io_imem_req_bits_addr
%Warning-PINMISSING: /home/hut1si/gits/rfuzz2ndtry/build/Sodor3Stage_E2EHarness.v:417: Cell has missing pin: io_imem_req_bits_data
%Warning-PINMISSING: /home/hut1si/gits/rfuzz2ndtry/build/Sodor3Stage_E2EHarness.v:417: Cell has missing pin: io_imem_req_bits_fcn
%Warning-PINMISSING: /home/hut1si/gits/rfuzz2ndtry/build/Sodor3Stage_E2EHarness.v:417: Cell has missing pin: io_imem_req_bits_typ
[3/13] Compiling C++ object 'sim@sta/meson-generated_.._VSodor3Stage_E2EHarness.cpp.o'.
[4/13] Compiling C++ object 'sim@sta/meson-generated_.._VSodor3Stage_E2EHarness__Syms.cpp.o'.
[5/13] Compiling C++ object 'sim@sta/meson-generated_.._verilated_vcd_c.cpp.o'.
[6/13] Compiling C++ object 'sim@sta/meson-generated_.._verilated.cpp.o'.
[7/13] Compiling C++ object 'cov@exe/meson-generated_.._VSodor3Stage_E2EHarness.cpp.o'.
[8/13] Compiling C++ object 'cov@exe/meson-generated_.._verilated.cpp.o'.
verilated.cpp: In function ‘void VL_WRITEMEM_N(bool, int, int, int, const string&, const void*, IData, IData)’:
verilated.cpp:1319:44: warning: comparison between signed and unsigned integer expressions [-Wsign-compare]
     for (int row_addr = start; row_addr <= end; ++row_addr) {
                                            ^
[9/13] Compiling C++ object 'cov@exe/meson-generated_.._VSodor3Stage_E2EHarness__Syms.cpp.o'.
[10/13] Compiling C++ object 'cov@exe/meson-generated_.._verilated_vcd_c.cpp.o'.
[11/13] Compiling C++ object 'cov@exe/end_to_end_top.cpp.o'.
[12/13] Linking static target libsim.a.
[13/13] Linking target cov.
mv /home/hut1si/gits/rfuzz2ndtry/build/vSodor3Stage.e2e/cov /home/hut1si/gits/rfuzz2ndtry/build/Sodor3Stage_cov
rm -rf /tmp/fpga
mkdir /tmp/fpga
/home/hut1si/gits/rfuzz2ndtry/build/Sodor3Stage_server
Fuzz Server for [1mSodor3Stage[0m
Allocated Bytes per Input:    8
Allocated Bytes per Coverage: 198
created tx fifo
created rx fifo
make: *** wait: No child processes.  Stop.
make: *** Waiting for unfinished jobs....
make: *** wait: No child processes.  Stop.
